2025-10-27 16:30:20,047 - INFO - Starting ensemble model training
2025-10-27 16:30:20,049 - INFO - Preparing training data for BTCUSDT
2025-10-27 16:30:20,049 - INFO - Collecting comprehensive dataset for BTCUSDT
2025-10-27 16:30:20,049 - INFO - Collecting 7 days of BTCUSDT data from Binance
2025-10-27 16:30:20,410 - INFO - Retrieved 168 historical data points for BTCUSDT
2025-10-27 16:30:20,549 - INFO - Saved 168 data points to data\raw\BTCUSDT_1h_7d_raw.csv
2025-10-27 16:30:20,552 - INFO - Preprocessing data for BTCUSDT
2025-10-27 16:30:20,692 - INFO - Preprocessed data shape: (95, 42)
2025-10-27 16:30:20,725 - INFO - Comprehensive dataset ready: (95, 42)
2025-10-27 16:30:20,725 - INFO - Using 32 features: ['open', 'high', 'low', 'close', 'volume', 'returns', 'log_returns', 'sma_5', 'sma_10', 'sma_20', 'sma_50', 'ema_5', 'ema_10', 'ema_20', 'ema_50', 'rsi_14', 'macd', 'macd_signal', 'macd_hist', 'bb_middle', 'bb_upper', 'bb_lower', 'bb_width', 'stoch_k', 'stoch_d', 'atr_14', 'volume_sma_20', 'volume_ratio', 'price_range', 'hour', 'day_of_week', 'month']
2025-10-27 16:30:20,735 - INFO - Training data shape: X=(53, 24, 32), y_direction=(53,), y_return=(53,)
2025-10-27 16:30:20,738 - INFO - Testing data shape: X=(14, 24, 32), y_direction=(14,), y_return=(14,)
2025-10-27 16:30:20,738 - INFO - Training lstm_direction model
2025-10-27 16:30:21,477 - WARNING - From D:\GitHub\BTCUSD-Trading-Ai\.venv\lib\site-packages\keras\src\backend.py:1398: The name tf.executing_eagerly_outside_functions is deprecated. Please use tf.compat.v1.executing_eagerly_outside_functions instead.

2025-10-27 16:30:24,175 - INFO - Built direction LSTM model with input shape (24, 32)
2025-10-27 16:30:27,857 - WARNING - From D:\GitHub\BTCUSD-Trading-Ai\.venv\lib\site-packages\keras\src\utils\tf_utils.py:492: The name tf.ragged.RaggedTensorValue is deprecated. Please use tf.compat.v1.ragged.RaggedTensorValue instead.

2025-10-27 16:30:37,451 - WARNING - From D:\GitHub\BTCUSD-Trading-Ai\.venv\lib\site-packages\keras\src\engine\base_layer_utils.py:384: The name tf.executing_eagerly_outside_functions is deprecated. Please use tf.compat.v1.executing_eagerly_outside_functions instead.

2025-10-27 16:31:17,165 - INFO - Saved lstm_direction model to data/models/lstm_direction_BTCUSDT_20251027_163116.h5
2025-10-27 16:31:17,166 - INFO - Training gru_direction model
2025-10-27 16:31:19,036 - INFO - Built direction GRU model with input shape (24, 32)
2025-10-27 16:31:57,632 - INFO - Saved gru_direction model to data/models/gru_direction_BTCUSDT_20251027_163157.h5
2025-10-27 16:31:57,632 - INFO - Training cnn_lstm_direction model
2025-10-27 16:31:57,834 - WARNING - From D:\GitHub\BTCUSD-Trading-Ai\.venv\lib\site-packages\keras\src\backend.py:6642: The name tf.nn.max_pool is deprecated. Please use tf.nn.max_pool2d instead.

2025-10-27 16:31:58,829 - INFO - Built direction CNN-LSTM model with input shape (24, 32)
2025-10-27 16:32:36,973 - INFO - Saved cnn_lstm_direction model to data/models/cnn_lstm_direction_BTCUSDT_20251027_163236.h5
2025-10-27 16:32:36,979 - INFO - Saved training results to data/models/training_results_BTCUSDT_20251027_163236.json
2025-10-27 16:32:37,016 - ERROR - Error checking models health: 'RealDataAITrainer' object has no attribute 'models_dir'
2025-10-27 16:40:47,691 - INFO - Starting ensemble model training
2025-10-27 16:40:47,693 - INFO - Preparing training data for BTCUSDT
2025-10-27 16:40:47,693 - INFO - Collecting comprehensive dataset for BTCUSDT
2025-10-27 16:40:47,693 - INFO - Collecting 7 days of BTCUSDT data from Binance
2025-10-27 16:40:48,126 - INFO - Retrieved 168 historical data points for BTCUSDT
2025-10-27 16:40:48,274 - INFO - Saved 168 data points to data\raw\BTCUSDT_1h_7d_raw.csv
2025-10-27 16:40:48,274 - INFO - Preprocessing data for BTCUSDT
2025-10-27 16:40:48,411 - INFO - Preprocessed data shape: (95, 42)
2025-10-27 16:40:48,440 - INFO - Comprehensive dataset ready: (95, 42)
2025-10-27 16:40:48,442 - INFO - Using 32 features: ['open', 'high', 'low', 'close', 'volume', 'returns', 'log_returns', 'sma_5', 'sma_10', 'sma_20', 'sma_50', 'ema_5', 'ema_10', 'ema_20', 'ema_50', 'rsi_14', 'macd', 'macd_signal', 'macd_hist', 'bb_middle', 'bb_upper', 'bb_lower', 'bb_width', 'stoch_k', 'stoch_d', 'atr_14', 'volume_sma_20', 'volume_ratio', 'price_range', 'hour', 'day_of_week', 'month']
2025-10-27 16:40:48,455 - INFO - Training data shape: X=(53, 24, 32), y_direction=(53,), y_return=(53,)
2025-10-27 16:40:48,455 - INFO - Testing data shape: X=(14, 24, 32), y_direction=(14,), y_return=(14,)
2025-10-27 16:40:48,455 - INFO - Training lstm_direction model
2025-10-27 16:40:49,324 - WARNING - From D:\GitHub\BTCUSD-Trading-Ai\.venv\lib\site-packages\keras\src\backend.py:1398: The name tf.executing_eagerly_outside_functions is deprecated. Please use tf.compat.v1.executing_eagerly_outside_functions instead.

2025-10-27 16:40:53,332 - INFO - Built direction LSTM model with input shape (24, 32)
2025-10-27 16:40:58,303 - WARNING - From D:\GitHub\BTCUSD-Trading-Ai\.venv\lib\site-packages\keras\src\utils\tf_utils.py:492: The name tf.ragged.RaggedTensorValue is deprecated. Please use tf.compat.v1.ragged.RaggedTensorValue instead.

2025-10-27 16:41:08,534 - WARNING - From D:\GitHub\BTCUSD-Trading-Ai\.venv\lib\site-packages\keras\src\engine\base_layer_utils.py:384: The name tf.executing_eagerly_outside_functions is deprecated. Please use tf.compat.v1.executing_eagerly_outside_functions instead.

2025-10-27 16:41:48,170 - INFO - Saved lstm_direction model to data/models/lstm_direction_BTCUSDT_20251027_164147.h5
2025-10-27 16:41:48,171 - INFO - Training gru_direction model
2025-10-27 16:41:50,235 - INFO - Built direction GRU model with input shape (24, 32)
2025-10-27 16:42:39,371 - INFO - Saved gru_direction model to data/models/gru_direction_BTCUSDT_20251027_164239.h5
2025-10-27 16:42:39,371 - INFO - Training cnn_lstm_direction model
2025-10-27 16:42:39,584 - WARNING - From D:\GitHub\BTCUSD-Trading-Ai\.venv\lib\site-packages\keras\src\backend.py:6642: The name tf.nn.max_pool is deprecated. Please use tf.nn.max_pool2d instead.

2025-10-27 16:42:40,897 - INFO - Built direction CNN-LSTM model with input shape (24, 32)
2025-10-27 16:43:14,613 - INFO - Saved cnn_lstm_direction model to data/models/cnn_lstm_direction_BTCUSDT_20251027_164314.h5
2025-10-27 16:43:14,620 - INFO - Saved training results to data/models/training_results_BTCUSDT_20251027_164314.json
2025-10-27 16:48:52,060 - WARNING - From D:\GitHub\BTCUSD-Trading-Ai\.venv\lib\site-packages\keras\src\backend.py:1398: The name tf.executing_eagerly_outside_functions is deprecated. Please use tf.compat.v1.executing_eagerly_outside_functions instead.

2025-10-27 16:48:52,387 - WARNING - From D:\GitHub\BTCUSD-Trading-Ai\.venv\lib\site-packages\keras\src\backend.py:6642: The name tf.nn.max_pool is deprecated. Please use tf.nn.max_pool2d instead.

2025-10-27 16:49:38,606 - INFO - Starting ensemble model training
2025-10-27 16:49:38,606 - INFO - Preparing training data for BTCUSDT
2025-10-27 16:49:38,606 - INFO - Collecting comprehensive dataset for BTCUSDT
2025-10-27 16:49:38,606 - INFO - Collecting 7 days of BTCUSDT data from Binance
2025-10-27 16:49:39,121 - INFO - Retrieved 168 historical data points for BTCUSDT
2025-10-27 16:49:39,267 - INFO - Saved 168 data points to data\raw\BTCUSDT_1h_7d_raw.csv
2025-10-27 16:49:39,269 - INFO - Preprocessing data for BTCUSDT
2025-10-27 16:49:39,405 - INFO - Preprocessed data shape: (95, 42)
2025-10-27 16:49:39,446 - INFO - Comprehensive dataset ready: (95, 42)
2025-10-27 16:49:39,446 - INFO - Using 32 features: ['open', 'high', 'low', 'close', 'volume', 'returns', 'log_returns', 'sma_5', 'sma_10', 'sma_20', 'sma_50', 'ema_5', 'ema_10', 'ema_20', 'ema_50', 'rsi_14', 'macd', 'macd_signal', 'macd_hist', 'bb_middle', 'bb_upper', 'bb_lower', 'bb_width', 'stoch_k', 'stoch_d', 'atr_14', 'volume_sma_20', 'volume_ratio', 'price_range', 'hour', 'day_of_week', 'month']
2025-10-27 16:49:39,455 - INFO - Training data shape: X=(53, 24, 32), y_direction=(53,), y_return=(53,)
2025-10-27 16:49:39,455 - INFO - Testing data shape: X=(14, 24, 32), y_direction=(14,), y_return=(14,)
2025-10-27 16:49:39,455 - INFO - Training lstm_direction model
2025-10-27 16:49:40,289 - WARNING - From D:\GitHub\BTCUSD-Trading-Ai\.venv\lib\site-packages\keras\src\backend.py:1398: The name tf.executing_eagerly_outside_functions is deprecated. Please use tf.compat.v1.executing_eagerly_outside_functions instead.

2025-10-27 16:49:42,505 - INFO - Built direction LSTM model with input shape (24, 32)
2025-10-27 16:49:45,796 - WARNING - From D:\GitHub\BTCUSD-Trading-Ai\.venv\lib\site-packages\keras\src\utils\tf_utils.py:492: The name tf.ragged.RaggedTensorValue is deprecated. Please use tf.compat.v1.ragged.RaggedTensorValue instead.

2025-10-27 16:49:54,730 - WARNING - From D:\GitHub\BTCUSD-Trading-Ai\.venv\lib\site-packages\keras\src\engine\base_layer_utils.py:384: The name tf.executing_eagerly_outside_functions is deprecated. Please use tf.compat.v1.executing_eagerly_outside_functions instead.

2025-10-27 16:50:31,750 - INFO - Saved lstm_direction model to data/models/lstm_direction_BTCUSDT_20251027_165031.h5
2025-10-27 16:50:31,751 - INFO - Training gru_direction model
2025-10-27 16:50:34,135 - INFO - Built direction GRU model with input shape (24, 32)
2025-10-27 16:51:24,009 - INFO - Saved gru_direction model to data/models/gru_direction_BTCUSDT_20251027_165123.h5
2025-10-27 16:51:24,010 - INFO - Training cnn_lstm_direction model
2025-10-27 16:51:24,311 - WARNING - From D:\GitHub\BTCUSD-Trading-Ai\.venv\lib\site-packages\keras\src\backend.py:6642: The name tf.nn.max_pool is deprecated. Please use tf.nn.max_pool2d instead.

2025-10-27 16:51:26,013 - INFO - Built direction CNN-LSTM model with input shape (24, 32)
2025-10-27 16:52:14,636 - INFO - Saved cnn_lstm_direction model to data/models/cnn_lstm_direction_BTCUSDT_20251027_165214.h5
2025-10-27 16:52:14,645 - INFO - Saved training results to data/models/training_results_BTCUSDT_20251027_165214.json
2025-10-27 16:52:25,807 - WARNING - 5 out of the last 5 calls to <function Model.make_predict_function.<locals>.predict_function at 0x0000025819ED3D00> triggered tf.function retracing. Tracing is expensive and the excessive number of tracings could be due to (1) creating @tf.function repeatedly in a loop, (2) passing tensors with different shapes, (3) passing Python objects instead of tensors. For (1), please define your @tf.function outside of the loop. For (2), @tf.function has reduce_retracing=True option that can avoid unnecessary retracing. For (3), please refer to https://www.tensorflow.org/guide/function#controlling_retracing and https://www.tensorflow.org/api_docs/python/tf/function for  more details.
2025-10-27 16:52:25,824 - ERROR - Error generating prediction: 'RealDataAITrainer' object has no attribute 'prepare_prediction_data'
2025-10-27 16:55:05,045 - INFO - Starting ensemble model training
2025-10-27 16:55:05,047 - INFO - Preparing training data for BTCUSDT
2025-10-27 16:55:05,047 - INFO - Collecting comprehensive dataset for BTCUSDT
2025-10-27 16:55:05,047 - INFO - Collecting 7 days of BTCUSDT data from Binance
2025-10-27 16:55:05,468 - INFO - Retrieved 168 historical data points for BTCUSDT
2025-10-27 16:55:05,711 - INFO - Saved 168 data points to data\raw\BTCUSDT_1h_7d_raw.csv
2025-10-27 16:55:05,712 - INFO - Preprocessing data for BTCUSDT
2025-10-27 16:55:06,022 - INFO - Preprocessed data shape: (95, 42)
2025-10-27 16:55:06,051 - INFO - Comprehensive dataset ready: (95, 42)
2025-10-27 16:55:06,052 - INFO - Using 32 features: ['open', 'high', 'low', 'close', 'volume', 'returns', 'log_returns', 'sma_5', 'sma_10', 'sma_20', 'sma_50', 'ema_5', 'ema_10', 'ema_20', 'ema_50', 'rsi_14', 'macd', 'macd_signal', 'macd_hist', 'bb_middle', 'bb_upper', 'bb_lower', 'bb_width', 'stoch_k', 'stoch_d', 'atr_14', 'volume_sma_20', 'volume_ratio', 'price_range', 'hour', 'day_of_week', 'month']
2025-10-27 16:55:06,056 - INFO - Training data shape: X=(53, 24, 32), y_direction=(53,), y_return=(53,)
2025-10-27 16:55:06,056 - INFO - Testing data shape: X=(14, 24, 32), y_direction=(14,), y_return=(14,)
2025-10-27 16:55:06,056 - INFO - Training lstm_direction model
2025-10-27 16:55:06,943 - WARNING - From D:\GitHub\BTCUSD-Trading-Ai\.venv\lib\site-packages\keras\src\backend.py:1398: The name tf.executing_eagerly_outside_functions is deprecated. Please use tf.compat.v1.executing_eagerly_outside_functions instead.

2025-10-27 16:55:09,928 - INFO - Built direction LSTM model with input shape (24, 32)
2025-10-27 16:55:13,652 - WARNING - From D:\GitHub\BTCUSD-Trading-Ai\.venv\lib\site-packages\keras\src\utils\tf_utils.py:492: The name tf.ragged.RaggedTensorValue is deprecated. Please use tf.compat.v1.ragged.RaggedTensorValue instead.

2025-10-27 16:55:21,393 - WARNING - From D:\GitHub\BTCUSD-Trading-Ai\.venv\lib\site-packages\keras\src\engine\base_layer_utils.py:384: The name tf.executing_eagerly_outside_functions is deprecated. Please use tf.compat.v1.executing_eagerly_outside_functions instead.

2025-10-27 16:55:51,960 - INFO - Saved lstm_direction model to data/models/lstm_direction_BTCUSDT_20251027_165551.h5
2025-10-27 16:55:51,960 - INFO - Training gru_direction model
2025-10-27 16:55:53,713 - INFO - Built direction GRU model with input shape (24, 32)
2025-10-27 16:56:31,852 - INFO - Saved gru_direction model to data/models/gru_direction_BTCUSDT_20251027_165631.h5
2025-10-27 16:56:31,852 - INFO - Training cnn_lstm_direction model
2025-10-27 16:56:32,061 - WARNING - From D:\GitHub\BTCUSD-Trading-Ai\.venv\lib\site-packages\keras\src\backend.py:6642: The name tf.nn.max_pool is deprecated. Please use tf.nn.max_pool2d instead.

2025-10-27 16:56:33,046 - INFO - Built direction CNN-LSTM model with input shape (24, 32)
2025-10-27 16:57:05,268 - INFO - Saved cnn_lstm_direction model to data/models/cnn_lstm_direction_BTCUSDT_20251027_165705.h5
2025-10-27 16:57:05,274 - INFO - Saved training results to data/models/training_results_BTCUSDT_20251027_165705.json
2025-10-27 16:57:08,359 - INFO - Starting AI model backtest for BTCUSDT
2025-10-27 16:57:08,359 - INFO - Collecting comprehensive dataset for BTCUSDT
2025-10-27 16:57:08,359 - INFO - Collecting 7 days of BTCUSDT data from Binance
2025-10-27 16:57:08,625 - INFO - Retrieved 168 historical data points for BTCUSDT
2025-10-27 16:57:08,747 - INFO - Saved 168 data points to data\raw\BTCUSDT_1h_7d_raw.csv
2025-10-27 16:57:08,747 - INFO - Preprocessing data for BTCUSDT
2025-10-27 16:57:08,841 - INFO - Preprocessed data shape: (95, 42)
2025-10-27 16:57:08,860 - INFO - Comprehensive dataset ready: (95, 42)
2025-10-27 16:57:08,874 - INFO - Training on 0 samples, testing on 95 samples
2025-10-27 16:57:08,874 - INFO - Starting ensemble model training
2025-10-27 16:57:08,874 - INFO - Preparing training data for BTCUSDT
2025-10-27 16:57:08,874 - INFO - Collecting comprehensive dataset for BTCUSDT
2025-10-27 16:57:08,874 - INFO - Collecting 7 days of BTCUSDT data from Binance
2025-10-27 16:57:09,063 - INFO - Retrieved 168 historical data points for BTCUSDT
2025-10-27 16:57:09,179 - INFO - Saved 168 data points to data\raw\BTCUSDT_1h_7d_raw.csv
2025-10-27 16:57:09,179 - INFO - Preprocessing data for BTCUSDT
2025-10-27 16:57:09,236 - INFO - Preprocessed data shape: (95, 42)
2025-10-27 16:57:09,264 - INFO - Comprehensive dataset ready: (95, 42)
2025-10-27 16:57:09,266 - INFO - Using 32 features: ['open', 'high', 'low', 'close', 'volume', 'returns', 'log_returns', 'sma_5', 'sma_10', 'sma_20', 'sma_50', 'ema_5', 'ema_10', 'ema_20', 'ema_50', 'rsi_14', 'macd', 'macd_signal', 'macd_hist', 'bb_middle', 'bb_upper', 'bb_lower', 'bb_width', 'stoch_k', 'stoch_d', 'atr_14', 'volume_sma_20', 'volume_ratio', 'price_range', 'hour', 'day_of_week', 'month']
2025-10-27 16:57:09,270 - INFO - Training data shape: X=(53, 24, 32), y_direction=(53,), y_return=(53,)
2025-10-27 16:57:09,270 - INFO - Testing data shape: X=(14, 24, 32), y_direction=(14,), y_return=(14,)
2025-10-27 16:57:09,270 - INFO - Training lstm_direction model
2025-10-27 16:57:10,737 - INFO - Built direction LSTM model with input shape (24, 32)
2025-10-27 16:57:49,117 - INFO - Saved lstm_direction model to data/models/lstm_direction_BTCUSDT_20251027_165748.h5
2025-10-27 16:57:49,117 - INFO - Training gru_direction model
2025-10-27 16:57:51,061 - INFO - Built direction GRU model with input shape (24, 32)
2025-10-27 16:58:28,826 - WARNING - 5 out of the last 5 calls to <function Model.make_predict_function.<locals>.predict_function at 0x000001B38301E440> triggered tf.function retracing. Tracing is expensive and the excessive number of tracings could be due to (1) creating @tf.function repeatedly in a loop, (2) passing tensors with different shapes, (3) passing Python objects instead of tensors. For (1), please define your @tf.function outside of the loop. For (2), @tf.function has reduce_retracing=True option that can avoid unnecessary retracing. For (3), please refer to https://www.tensorflow.org/guide/function#controlling_retracing and https://www.tensorflow.org/api_docs/python/tf/function for  more details.
2025-10-27 16:58:29,003 - INFO - Saved gru_direction model to data/models/gru_direction_BTCUSDT_20251027_165828.h5
2025-10-27 16:58:29,003 - INFO - Training cnn_lstm_direction model
2025-10-27 16:58:30,328 - INFO - Built direction CNN-LSTM model with input shape (24, 32)
2025-10-27 16:59:02,827 - WARNING - 6 out of the last 6 calls to <function Model.make_predict_function.<locals>.predict_function at 0x000001B38B2249D0> triggered tf.function retracing. Tracing is expensive and the excessive number of tracings could be due to (1) creating @tf.function repeatedly in a loop, (2) passing tensors with different shapes, (3) passing Python objects instead of tensors. For (1), please define your @tf.function outside of the loop. For (2), @tf.function has reduce_retracing=True option that can avoid unnecessary retracing. For (3), please refer to https://www.tensorflow.org/guide/function#controlling_retracing and https://www.tensorflow.org/api_docs/python/tf/function for  more details.
2025-10-27 16:59:03,027 - INFO - Saved cnn_lstm_direction model to data/models/cnn_lstm_direction_BTCUSDT_20251027_165902.h5
2025-10-27 16:59:03,031 - INFO - Saved training results to data/models/training_results_BTCUSDT_20251027_165903.json
2025-10-27 16:59:16,265 - ERROR - Error running AI model backtest: index 0 is out of bounds for axis 0 with size 0
2025-10-27 17:00:18,888 - INFO - Collecting comprehensive dataset for BTCUSDT
2025-10-27 17:00:18,888 - INFO - Collecting 7 days of BTCUSDT data from Binance
2025-10-27 17:00:19,217 - INFO - Retrieved 168 historical data points for BTCUSDT
2025-10-27 17:00:19,346 - INFO - Saved 168 data points to data\raw\BTCUSDT_1h_7d_raw.csv
2025-10-27 17:00:19,346 - INFO - Preprocessing data for BTCUSDT
2025-10-27 17:00:19,443 - INFO - Preprocessed data shape: (95, 42)
2025-10-27 17:00:19,467 - INFO - Comprehensive dataset ready: (95, 42)
2025-10-27 17:01:52,393 - INFO - Collecting comprehensive dataset for BTCUSDT
2025-10-27 17:01:52,416 - INFO - Collecting 455 days of BTCUSDT data from Binance
2025-10-27 17:01:52,876 - INFO - Retrieved 1000 historical data points for BTCUSDT
2025-10-27 17:01:53,223 - ERROR - Error getting historical data for BTCUSDT: 400 Client Error: Bad Request for url: https://api.binance.com/api/v3/klines?symbol=BTCUSDT&interval=1h&limit=1000&startTime=1725811200000.0&endTime=1761523200000
2025-10-27 17:01:53,396 - INFO - Saved 1000 data points to data\raw\BTCUSDT_1h_455d_raw.csv
2025-10-27 17:01:53,396 - INFO - Preprocessing data for BTCUSDT
2025-10-27 17:01:53,603 - INFO - Preprocessed data shape: (927, 42)
2025-10-27 17:01:53,893 - INFO - Comprehensive dataset ready: (927, 42)
2025-10-27 17:02:34,494 - INFO - Starting ensemble model training
2025-10-27 17:02:34,496 - INFO - Preparing training data for BTCUSDT
2025-10-27 17:02:34,497 - INFO - Collecting comprehensive dataset for BTCUSDT
2025-10-27 17:02:34,505 - INFO - Collecting 365 days of BTCUSDT data from Binance
2025-10-27 17:02:34,816 - INFO - Retrieved 1000 historical data points for BTCUSDT
2025-10-27 17:02:35,081 - ERROR - Error getting historical data for BTCUSDT: 400 Client Error: Bad Request for url: https://api.binance.com/api/v3/klines?symbol=BTCUSDT&interval=1h&limit=1000&startTime=1733587200000.0&endTime=1761523200000
2025-10-27 17:02:35,097 - INFO - Saved 1000 data points to data\raw\BTCUSDT_1h_365d_raw.csv
2025-10-27 17:02:35,097 - INFO - Preprocessing data for BTCUSDT
2025-10-27 17:02:35,173 - INFO - Preprocessed data shape: (927, 42)
2025-10-27 17:02:35,316 - INFO - Comprehensive dataset ready: (927, 42)
2025-10-27 17:02:35,316 - INFO - Using 32 features: ['open', 'high', 'low', 'close', 'volume', 'returns', 'log_returns', 'sma_5', 'sma_10', 'sma_20', 'sma_50', 'ema_5', 'ema_10', 'ema_20', 'ema_50', 'rsi_14', 'macd', 'macd_signal', 'macd_hist', 'bb_middle', 'bb_upper', 'bb_lower', 'bb_width', 'stoch_k', 'stoch_d', 'atr_14', 'volume_sma_20', 'volume_ratio', 'price_range', 'hour', 'day_of_week', 'month']
2025-10-27 17:02:35,342 - INFO - Training data shape: X=(719, 24, 32), y_direction=(719,), y_return=(719,)
2025-10-27 17:02:35,344 - INFO - Testing data shape: X=(180, 24, 32), y_direction=(180,), y_return=(180,)
2025-10-27 17:02:35,344 - INFO - Training lstm_direction model
2025-10-27 17:02:35,925 - WARNING - From D:\GitHub\BTCUSD-Trading-Ai\.venv\lib\site-packages\keras\src\backend.py:1398: The name tf.executing_eagerly_outside_functions is deprecated. Please use tf.compat.v1.executing_eagerly_outside_functions instead.

2025-10-27 17:02:37,999 - INFO - Built direction LSTM model with input shape (24, 32)
2025-10-27 17:02:40,851 - WARNING - From D:\GitHub\BTCUSD-Trading-Ai\.venv\lib\site-packages\keras\src\utils\tf_utils.py:492: The name tf.ragged.RaggedTensorValue is deprecated. Please use tf.compat.v1.ragged.RaggedTensorValue instead.

2025-10-27 17:02:50,191 - WARNING - From D:\GitHub\BTCUSD-Trading-Ai\.venv\lib\site-packages\keras\src\engine\base_layer_utils.py:384: The name tf.executing_eagerly_outside_functions is deprecated. Please use tf.compat.v1.executing_eagerly_outside_functions instead.

2025-10-27 17:03:44,409 - INFO - Saved lstm_direction model to data/models/lstm_direction_BTCUSDT_20251027_170344.h5
2025-10-27 17:03:44,409 - INFO - Training gru_direction model
2025-10-27 17:03:45,865 - INFO - Built direction GRU model with input shape (24, 32)
2025-10-27 17:04:34,840 - INFO - Saved gru_direction model to data/models/gru_direction_BTCUSDT_20251027_170434.h5
2025-10-27 17:04:34,842 - INFO - Training cnn_lstm_direction model
2025-10-27 17:04:35,004 - WARNING - From D:\GitHub\BTCUSD-Trading-Ai\.venv\lib\site-packages\keras\src\backend.py:6642: The name tf.nn.max_pool is deprecated. Please use tf.nn.max_pool2d instead.

2025-10-27 17:04:35,970 - INFO - Built direction CNN-LSTM model with input shape (24, 32)
2025-10-27 17:05:23,336 - INFO - Saved cnn_lstm_direction model to data/models/cnn_lstm_direction_BTCUSDT_20251027_170522.h5
2025-10-27 17:05:23,350 - INFO - Saved training results to data/models/training_results_BTCUSDT_20251027_170523.json
2025-10-27 17:05:32,199 - INFO - Starting AI model backtest for BTCUSDT
2025-10-27 17:05:32,199 - INFO - Collecting comprehensive dataset for BTCUSDT
2025-10-27 17:05:32,277 - INFO - Collecting 38 days of BTCUSDT data from Binance
2025-10-27 17:05:32,637 - INFO - Retrieved 912 historical data points for BTCUSDT
2025-10-27 17:05:32,851 - INFO - Saved 912 data points to data\raw\BTCUSDT_1h_38d_raw.csv
2025-10-27 17:05:32,853 - INFO - Preprocessing data for BTCUSDT
2025-10-27 17:05:33,063 - INFO - Preprocessed data shape: (839, 42)
2025-10-27 17:05:33,268 - INFO - Comprehensive dataset ready: (839, 42)
2025-10-27 17:05:33,280 - INFO - Training on 647 samples, testing on 192 samples
2025-10-27 17:05:33,280 - INFO - Starting ensemble model training
2025-10-27 17:05:33,280 - INFO - Preparing training data for BTCUSDT
2025-10-27 17:05:33,280 - INFO - Collecting comprehensive dataset for BTCUSDT
2025-10-27 17:05:33,282 - INFO - Collecting 365 days of BTCUSDT data from Binance
2025-10-27 17:05:33,519 - INFO - Retrieved 1000 historical data points for BTCUSDT
2025-10-27 17:05:33,804 - ERROR - Error getting historical data for BTCUSDT: 400 Client Error: Bad Request for url: https://api.binance.com/api/v3/klines?symbol=BTCUSDT&interval=1h&limit=1000&startTime=1733587200000.0&endTime=1761523200000
2025-10-27 17:05:33,850 - INFO - Saved 1000 data points to data\raw\BTCUSDT_1h_365d_raw.csv
2025-10-27 17:05:33,850 - INFO - Preprocessing data for BTCUSDT
2025-10-27 17:05:33,958 - INFO - Preprocessed data shape: (927, 42)
2025-10-27 17:05:34,108 - INFO - Comprehensive dataset ready: (927, 42)
2025-10-27 17:05:34,108 - INFO - Using 32 features: ['open', 'high', 'low', 'close', 'volume', 'returns', 'log_returns', 'sma_5', 'sma_10', 'sma_20', 'sma_50', 'ema_5', 'ema_10', 'ema_20', 'ema_50', 'rsi_14', 'macd', 'macd_signal', 'macd_hist', 'bb_middle', 'bb_upper', 'bb_lower', 'bb_width', 'stoch_k', 'stoch_d', 'atr_14', 'volume_sma_20', 'volume_ratio', 'price_range', 'hour', 'day_of_week', 'month']
2025-10-27 17:05:34,127 - INFO - Training data shape: X=(719, 24, 32), y_direction=(719,), y_return=(719,)
2025-10-27 17:05:34,127 - INFO - Testing data shape: X=(180, 24, 32), y_direction=(180,), y_return=(180,)
2025-10-27 17:05:34,127 - INFO - Training lstm_direction model
2025-10-27 17:05:36,219 - INFO - Built direction LSTM model with input shape (24, 32)
2025-10-27 17:06:57,166 - INFO - Saved lstm_direction model to data/models/lstm_direction_BTCUSDT_20251027_170656.h5
2025-10-27 17:06:57,170 - INFO - Training gru_direction model
2025-10-27 17:07:03,983 - INFO - Built direction GRU model with input shape (24, 32)
2025-10-27 17:08:19,593 - INFO - Saved gru_direction model to data/models/gru_direction_BTCUSDT_20251027_170819.h5
2025-10-27 17:08:19,595 - INFO - Training cnn_lstm_direction model
2025-10-27 17:08:21,312 - INFO - Built direction CNN-LSTM model with input shape (24, 32)
2025-10-27 17:09:13,118 - INFO - Saved cnn_lstm_direction model to data/models/cnn_lstm_direction_BTCUSDT_20251027_170912.h5
2025-10-27 17:09:13,140 - INFO - Saved training results to data/models/training_results_BTCUSDT_20251027_170913.json
2025-10-27 17:10:05,073 - INFO - Saved backtest results to data/backtests\backtest_results_BTCUSDT_20251027_171005.json
2025-10-27 17:10:05,074 - INFO - AI model backtest completed successfully
2025-10-27 17:10:05,936 - INFO - No real-time data for BTCUSDT, fetching historical data
2025-10-27 17:10:06,216 - INFO - Retrieved 10 historical data points for BTCUSDT
2025-10-27 17:10:06,322 - INFO - Collecting 7 days of BTCUSDT data from Binance
2025-10-27 17:10:06,526 - INFO - Retrieved 168 historical data points for BTCUSDT
2025-10-27 17:10:06,694 - INFO - Saved 168 data points to data\raw\BTCUSDT_1h_7d_raw.csv
2025-10-27 17:10:16,560 - ERROR - Error generating prediction: 'RealDataAITrainer' object has no attribute 'prepare_prediction_data'
2025-10-27 17:10:16,664 - ERROR - Error calculating VaR: The truth value of an array with more than one element is ambiguous. Use a.any() or a.all()
2025-10-27 17:10:16,666 - INFO - Capital updated: $1000.00 -> $1100.00 (10.00%) from test
2025-10-27 17:10:16,724 - INFO - Collecting 30 days of BTCUSDT data from Binance
2025-10-27 17:10:16,970 - INFO - Retrieved 713 historical data points for BTCUSDT
2025-10-27 17:10:17,282 - ERROR - Error getting historical data for BTCUSDT: 400 Client Error: Bad Request for url: https://api.binance.com/api/v3/klines?symbol=BTCUSDT&interval=1h&limit=7&startTime=1761562800000.0&endTime=1761585016688
2025-10-27 17:10:17,319 - INFO - Saved 713 data points to data\raw\BTCUSDT_1h_30d_raw.csv
2025-10-27 17:10:30,651 - ERROR - Error generating prediction: 'RealDataAITrainer' object has no attribute 'prepare_prediction_data'
2025-10-27 17:10:30,653 - INFO - Capital updated: $1000.00 -> $1200.00 (20.00%) from trading
2025-10-27 17:10:30,653 - INFO - Compounding performed: $270.00 reinvested
2025-10-27 17:10:30,664 - INFO - Collecting 1 days of BTCUSDT data from Binance
2025-10-27 17:10:30,873 - INFO - Retrieved 17 historical data points for BTCUSDT
2025-10-27 17:10:31,179 - ERROR - Error getting historical data for BTCUSDT: 400 Client Error: Bad Request for url: https://api.binance.com/api/v3/klines?symbol=BTCUSDT&interval=1h&limit=7&startTime=1761562800000.0&endTime=1761585030657
2025-10-27 17:10:31,198 - INFO - Saved 17 data points to data\raw\BTCUSDT_1h_1d_raw.csv
2025-10-27 17:10:35,716 - WARNING - 5 out of the last 133 calls to <function Model.make_predict_function.<locals>.predict_function at 0x0000017B1AAFB400> triggered tf.function retracing. Tracing is expensive and the excessive number of tracings could be due to (1) creating @tf.function repeatedly in a loop, (2) passing tensors with different shapes, (3) passing Python objects instead of tensors. For (1), please define your @tf.function outside of the loop. For (2), @tf.function has reduce_retracing=True option that can avoid unnecessary retracing. For (3), please refer to https://www.tensorflow.org/guide/function#controlling_retracing and https://www.tensorflow.org/api_docs/python/tf/function for  more details.
2025-10-27 17:10:35,732 - ERROR - Error generating prediction: 'RealDataAITrainer' object has no attribute 'prepare_prediction_data'
2025-10-27 17:22:32,905 - WARNING - From D:\GitHub\BTCUSD-Trading-Ai\.venv\lib\site-packages\keras\src\backend.py:1398: The name tf.executing_eagerly_outside_functions is deprecated. Please use tf.compat.v1.executing_eagerly_outside_functions instead.

2025-10-27 17:22:33,252 - WARNING - From D:\GitHub\BTCUSD-Trading-Ai\.venv\lib\site-packages\keras\src\backend.py:6642: The name tf.nn.max_pool is deprecated. Please use tf.nn.max_pool2d instead.

2025-10-27 17:30:42,664 - INFO - Collecting comprehensive dataset for BTCUSDT
2025-10-27 17:30:42,685 - INFO - Collecting 30 days of BTCUSDT data from Binance
2025-10-27 17:30:43,048 - INFO - Retrieved 720 historical data points for BTCUSDT
2025-10-27 17:30:43,208 - INFO - Saved 720 data points to data\raw\BTCUSDT_1h_30d_raw.csv
2025-10-27 17:30:43,208 - INFO - Preprocessing data for BTCUSDT
2025-10-27 17:30:43,316 - INFO - Preprocessed data shape: (647, 42)
2025-10-27 17:30:43,446 - INFO - Comprehensive dataset ready: (647, 42)
2025-10-27 17:30:44,500 - WARNING - From D:\GitHub\BTCUSD-Trading-Ai\.venv\lib\site-packages\keras\src\backend.py:1398: The name tf.executing_eagerly_outside_functions is deprecated. Please use tf.compat.v1.executing_eagerly_outside_functions instead.

2025-10-27 17:30:44,923 - WARNING - From D:\GitHub\BTCUSD-Trading-Ai\.venv\lib\site-packages\keras\src\backend.py:6642: The name tf.nn.max_pool is deprecated. Please use tf.nn.max_pool2d instead.

2025-10-27 17:30:46,730 - INFO - Loaded model: cnn_lstm from cnn_lstm_direction_BTCUSDT_20251027_163236.h5
2025-10-27 17:30:48,150 - INFO - Loaded model: cnn_lstm from cnn_lstm_direction_BTCUSDT_20251027_164314.h5
2025-10-27 17:30:49,686 - INFO - Loaded model: cnn_lstm from cnn_lstm_direction_BTCUSDT_20251027_165214.h5
2025-10-27 17:30:51,298 - INFO - Loaded model: cnn_lstm from cnn_lstm_direction_BTCUSDT_20251027_165705.h5
2025-10-27 17:30:53,126 - INFO - Loaded model: cnn_lstm from cnn_lstm_direction_BTCUSDT_20251027_165902.h5
2025-10-27 17:30:54,790 - INFO - Loaded model: cnn_lstm from cnn_lstm_direction_BTCUSDT_20251027_170522.h5
2025-10-27 17:30:57,606 - INFO - Loaded model: cnn_lstm from cnn_lstm_direction_BTCUSDT_20251027_170912.h5
2025-10-27 17:30:59,871 - INFO - Loaded model: gru_direction from gru_direction_BTCUSDT_20251027_163157.h5
2025-10-27 17:31:01,990 - INFO - Loaded model: gru_direction from gru_direction_BTCUSDT_20251027_164239.h5
2025-10-27 17:31:03,586 - INFO - Loaded model: gru_direction from gru_direction_BTCUSDT_20251027_165123.h5
2025-10-27 17:31:05,597 - INFO - Loaded model: gru_direction from gru_direction_BTCUSDT_20251027_165631.h5
2025-10-27 17:31:07,633 - INFO - Loaded model: gru_direction from gru_direction_BTCUSDT_20251027_165828.h5
2025-10-27 17:31:09,789 - INFO - Loaded model: gru_direction from gru_direction_BTCUSDT_20251027_170434.h5
2025-10-27 17:31:11,799 - INFO - Loaded model: gru_direction from gru_direction_BTCUSDT_20251027_170819.h5
2025-10-27 17:31:15,071 - INFO - Loaded model: lstm_direction from lstm_direction_BTCUSDT_20251027_163116.h5
2025-10-27 17:31:18,980 - INFO - Loaded model: lstm_direction from lstm_direction_BTCUSDT_20251027_164147.h5
2025-10-27 17:31:22,330 - INFO - Loaded model: lstm_direction from lstm_direction_BTCUSDT_20251027_165031.h5
2025-10-27 17:31:25,877 - INFO - Loaded model: lstm_direction from lstm_direction_BTCUSDT_20251027_165551.h5
2025-10-27 17:31:28,247 - INFO - Loaded model: lstm_direction from lstm_direction_BTCUSDT_20251027_165748.h5
2025-10-27 17:31:30,020 - INFO - Loaded model: lstm_direction from lstm_direction_BTCUSDT_20251027_170344.h5
2025-10-27 17:31:31,715 - INFO - Loaded model: lstm_direction from lstm_direction_BTCUSDT_20251027_170656.h5
2025-10-27 17:31:31,715 - INFO - Successfully loaded 3 models
2025-10-27 17:31:31,729 - ERROR - Error generating trading signal: This StandardScaler instance is not fitted yet. Call 'fit' with appropriate arguments before using this estimator.
2025-10-27 17:33:48,084 - INFO - Collecting comprehensive dataset for BTCUSDT
2025-10-27 17:33:48,108 - INFO - Collecting 30 days of BTCUSDT data from Binance
2025-10-27 17:33:48,547 - INFO - Retrieved 720 historical data points for BTCUSDT
2025-10-27 17:33:48,693 - INFO - Saved 720 data points to data\raw\BTCUSDT_1h_30d_raw.csv
2025-10-27 17:33:48,693 - INFO - Preprocessing data for BTCUSDT
2025-10-27 17:33:48,784 - INFO - Preprocessed data shape: (647, 42)
2025-10-27 17:33:48,885 - INFO - Comprehensive dataset ready: (647, 42)
2025-10-27 17:33:49,840 - WARNING - From D:\GitHub\BTCUSD-Trading-Ai\.venv\lib\site-packages\keras\src\backend.py:1398: The name tf.executing_eagerly_outside_functions is deprecated. Please use tf.compat.v1.executing_eagerly_outside_functions instead.

2025-10-27 17:33:50,170 - WARNING - From D:\GitHub\BTCUSD-Trading-Ai\.venv\lib\site-packages\keras\src\backend.py:6642: The name tf.nn.max_pool is deprecated. Please use tf.nn.max_pool2d instead.

2025-10-27 17:33:51,785 - INFO - Loaded model: cnn_lstm from cnn_lstm_direction_BTCUSDT_20251027_163236.h5
2025-10-27 17:33:53,064 - INFO - Loaded model: cnn_lstm from cnn_lstm_direction_BTCUSDT_20251027_164314.h5
2025-10-27 17:33:54,391 - INFO - Loaded model: cnn_lstm from cnn_lstm_direction_BTCUSDT_20251027_165214.h5
2025-10-27 17:33:56,221 - INFO - Loaded model: cnn_lstm from cnn_lstm_direction_BTCUSDT_20251027_165705.h5
2025-10-27 17:33:58,101 - INFO - Loaded model: cnn_lstm from cnn_lstm_direction_BTCUSDT_20251027_165902.h5
2025-10-27 17:33:59,813 - INFO - Loaded model: cnn_lstm from cnn_lstm_direction_BTCUSDT_20251027_170522.h5
2025-10-27 17:34:01,969 - INFO - Loaded model: cnn_lstm from cnn_lstm_direction_BTCUSDT_20251027_170912.h5
2025-10-27 17:34:03,983 - INFO - Loaded model: gru_direction from gru_direction_BTCUSDT_20251027_163157.h5
2025-10-27 17:34:05,706 - INFO - Loaded model: gru_direction from gru_direction_BTCUSDT_20251027_164239.h5
2025-10-27 17:34:07,387 - INFO - Loaded model: gru_direction from gru_direction_BTCUSDT_20251027_165123.h5
2025-10-27 17:34:08,994 - INFO - Loaded model: gru_direction from gru_direction_BTCUSDT_20251027_165631.h5
2025-10-27 17:34:11,016 - INFO - Loaded model: gru_direction from gru_direction_BTCUSDT_20251027_165828.h5
2025-10-27 17:34:13,190 - INFO - Loaded model: gru_direction from gru_direction_BTCUSDT_20251027_170434.h5
2025-10-27 17:34:15,150 - INFO - Loaded model: gru_direction from gru_direction_BTCUSDT_20251027_170819.h5
2025-10-27 17:34:17,196 - INFO - Loaded model: lstm_direction from lstm_direction_BTCUSDT_20251027_163116.h5
2025-10-27 17:34:19,130 - INFO - Loaded model: lstm_direction from lstm_direction_BTCUSDT_20251027_164147.h5
2025-10-27 17:34:21,167 - INFO - Loaded model: lstm_direction from lstm_direction_BTCUSDT_20251027_165031.h5
2025-10-27 17:34:23,142 - INFO - Loaded model: lstm_direction from lstm_direction_BTCUSDT_20251027_165551.h5
2025-10-27 17:34:25,917 - INFO - Loaded model: lstm_direction from lstm_direction_BTCUSDT_20251027_165748.h5
2025-10-27 17:34:27,722 - INFO - Loaded model: lstm_direction from lstm_direction_BTCUSDT_20251027_170344.h5
2025-10-27 17:34:29,339 - INFO - Loaded model: lstm_direction from lstm_direction_BTCUSDT_20251027_170656.h5
2025-10-27 17:34:29,339 - INFO - Successfully loaded 3 models
2025-10-28 08:37:30,554 - INFO - Starting AI model backtest for BTCUSDT
2025-10-28 08:37:30,554 - INFO - Collecting comprehensive dataset for BTCUSDT
2025-10-28 08:37:30,569 - INFO - Collecting 455 days of BTCUSDT data from Binance
2025-10-28 08:37:30,866 - INFO - Retrieved 1000 historical data points for BTCUSDT
2025-10-28 08:37:31,121 - ERROR - Error getting historical data for BTCUSDT: 400 Client Error: Bad Request for url: https://api.binance.com/api/v3/klines?symbol=BTCUSDT&interval=1h&limit=1000&startTime=1725897600000.0&endTime=1761609600000
2025-10-28 08:37:31,153 - INFO - Saved 1000 data points to data\raw\BTCUSDT_1h_455d_raw.csv
2025-10-28 08:37:31,153 - INFO - Preprocessing data for BTCUSDT
2025-10-28 08:37:31,194 - INFO - Preprocessed data shape: (927, 42)
2025-10-28 08:37:31,261 - INFO - Comprehensive dataset ready: (927, 42)
2025-10-28 08:37:31,261 - INFO - Training on 0 samples, testing on 927 samples
2025-10-28 08:37:31,261 - ERROR - Training data is empty after split
2025-10-28 08:42:37,806 - INFO - Starting AI model backtest for BTCUSDT
2025-10-28 08:42:37,808 - INFO - Collecting comprehensive dataset for BTCUSDT
2025-10-28 08:42:37,821 - INFO - Collecting 455 days of BTCUSDT data from Binance
2025-10-28 08:42:38,200 - INFO - Retrieved 1000 historical data points for BTCUSDT
2025-10-28 08:42:38,466 - ERROR - Error getting historical data for BTCUSDT: 400 Client Error: Bad Request for url: https://api.binance.com/api/v3/klines?symbol=BTCUSDT&interval=1h&limit=1000&startTime=1725897600000.0&endTime=1761609600000
2025-10-28 08:42:38,492 - INFO - Saved 1000 data points to data\raw\BTCUSDT_1h_455d_raw.csv
2025-10-28 08:42:38,493 - INFO - Preprocessing data for BTCUSDT
2025-10-28 08:42:38,549 - INFO - Preprocessed data shape: (927, 42)
2025-10-28 08:42:38,668 - INFO - Comprehensive dataset ready: (927, 42)
2025-10-28 08:42:38,669 - INFO - Collected 927 data points from 2024-08-01 01:00:00 to 2024-09-08 15:00:00
2025-10-28 08:42:38,675 - INFO - Split date: 2024-06-10 15:00:00, Train data: 0 points, Test data: 927 points
2025-10-28 08:42:38,675 - INFO - Training on 0 samples, testing on 927 samples
2025-10-28 08:42:38,675 - ERROR - Training data is empty after split
2025-10-28 08:54:13,043 - INFO - Starting AI model backtest for BTCUSDT
2025-10-28 08:54:13,043 - INFO - Collecting comprehensive dataset for BTCUSDT
2025-10-28 08:54:13,060 - INFO - Collecting 455 days of BTCUSDT data from Binance
2025-10-28 08:54:13,360 - INFO - Retrieved 1000 historical data points for BTCUSDT
2025-10-28 08:54:13,616 - ERROR - Error getting historical data for BTCUSDT: 400 Client Error: Bad Request for url: https://api.binance.com/api/v3/klines?symbol=BTCUSDT&interval=1h&limit=1000&startTime=1725897600000.0&endTime=1761609600000
2025-10-28 08:54:13,660 - INFO - Saved 1000 data points to data\raw\BTCUSDT_1h_455d_raw.csv
2025-10-28 08:54:13,661 - INFO - Preprocessing data for BTCUSDT
2025-10-28 08:54:13,712 - INFO - Preprocessed data shape: (927, 42)
2025-10-28 08:54:13,796 - INFO - Comprehensive dataset ready: (927, 42)
2025-10-28 08:54:13,801 - INFO - Training on 0 samples, testing on 927 samples
2025-10-28 08:54:13,801 - ERROR - Training data is empty after split
2025-10-28 09:02:02,627 - INFO - Starting AI model backtest for BTCUSDT
2025-10-28 09:02:02,627 - INFO - Collecting comprehensive dataset for BTCUSDT
2025-10-28 09:02:02,627 - INFO - Collecting 2y of BTC-USD data from Yahoo Finance
2025-10-28 09:02:02,856 - ERROR - No data received from Yahoo Finance for BTC-USD
2025-10-28 09:02:02,866 - INFO - Collecting 455 days of BTCUSDT data from Binance
2025-10-28 09:02:03,107 - INFO - Retrieved 1000 historical data points for BTCUSDT
2025-10-28 09:02:03,373 - ERROR - Error getting historical data for BTCUSDT: 400 Client Error: Bad Request for url: https://api.binance.com/api/v3/klines?symbol=BTCUSDT&interval=1h&limit=1000&startTime=1725897600000.0&endTime=1761609600000
2025-10-28 09:02:03,411 - INFO - Saved 1000 data points to data\raw\BTCUSDT_1h_455d_raw.csv
2025-10-28 09:02:03,411 - INFO - Preprocessing data for BTCUSDT
2025-10-28 09:02:03,575 - INFO - Preprocessed data shape: (927, 42)
2025-10-28 09:02:03,713 - INFO - Comprehensive dataset ready: (927, 42)
2025-10-28 09:02:03,725 - INFO - Training on 0 samples, testing on 927 samples
2025-10-28 09:02:03,726 - ERROR - Training data is empty after split
2025-10-28 09:12:14,594 - INFO - Starting AI model backtest for BTCUSDT
2025-10-28 09:12:14,594 - INFO - Collecting comprehensive dataset for BTCUSDT
2025-10-28 09:12:14,594 - INFO - Collecting 1y of BTC-USD data from Yahoo Finance
2025-10-28 09:12:14,828 - ERROR - No data received from Yahoo Finance for BTC-USD
2025-10-28 09:12:14,842 - INFO - Collecting 230 days of BTCUSDT data from Binance
2025-10-28 09:12:15,111 - INFO - Retrieved 1000 historical data points for BTCUSDT
2025-10-28 09:12:15,347 - ERROR - Error getting historical data for BTCUSDT: 400 Client Error: Bad Request for url: https://api.binance.com/api/v3/klines?symbol=BTCUSDT&interval=1h&limit=1000&startTime=1745337600000.0&endTime=1761609600000
2025-10-28 09:12:15,376 - INFO - Saved 1000 data points to data\raw\BTCUSDT_1h_230d_raw.csv
2025-10-28 09:12:15,376 - INFO - Preprocessing data for BTCUSDT
2025-10-28 09:12:15,411 - INFO - Preprocessed data shape: (927, 42)
2025-10-28 09:12:15,484 - INFO - Comprehensive dataset ready: (927, 42)
2025-10-28 09:12:15,484 - INFO - Training on 207 samples, testing on 720 samples
2025-10-28 09:12:15,484 - INFO - Starting ensemble model training
2025-10-28 09:12:15,484 - INFO - Preparing training data for BTCUSDT
2025-10-28 09:12:15,484 - INFO - Collecting comprehensive dataset for BTCUSDT
2025-10-28 09:12:15,493 - INFO - Collecting 2y of BTC-USD data from Yahoo Finance
2025-10-28 09:12:15,644 - ERROR - No data received from Yahoo Finance for BTC-USD
2025-10-28 09:12:15,646 - INFO - Collecting 365 days of BTCUSDT data from Binance
2025-10-28 09:12:15,811 - INFO - Retrieved 1000 historical data points for BTCUSDT
2025-10-28 09:12:16,061 - ERROR - Error getting historical data for BTCUSDT: 400 Client Error: Bad Request for url: https://api.binance.com/api/v3/klines?symbol=BTCUSDT&interval=1h&limit=1000&startTime=1733673600000.0&endTime=1761609600000
2025-10-28 09:12:16,077 - INFO - Saved 1000 data points to data\raw\BTCUSDT_1h_365d_raw.csv
2025-10-28 09:12:16,077 - INFO - Preprocessing data for BTCUSDT
2025-10-28 09:12:16,129 - INFO - Preprocessed data shape: (927, 42)
2025-10-28 09:12:16,194 - INFO - Comprehensive dataset ready: (927, 42)
2025-10-28 09:12:16,194 - INFO - Using 32 features: ['open', 'high', 'low', 'close', 'volume', 'returns', 'log_returns', 'sma_5', 'sma_10', 'sma_20', 'sma_50', 'ema_5', 'ema_10', 'ema_20', 'ema_50', 'rsi_14', 'macd', 'macd_signal', 'macd_hist', 'bb_middle', 'bb_upper', 'bb_lower', 'bb_width', 'stoch_k', 'stoch_d', 'atr_14', 'volume_sma_20', 'volume_ratio', 'price_range', 'hour', 'day_of_week', 'month']
2025-10-28 09:12:16,207 - INFO - Training data shape: X=(719, 24, 32), y_direction=(719,), y_return=(719,)
2025-10-28 09:12:16,207 - INFO - Testing data shape: X=(180, 24, 32), y_direction=(180,), y_return=(180,)
2025-10-28 09:12:16,207 - INFO - Training lstm_direction model
2025-10-28 09:12:16,593 - WARNING - From D:\GitHub\BTCUSD-Trading-Ai\.venv\lib\site-packages\keras\src\backend.py:1398: The name tf.executing_eagerly_outside_functions is deprecated. Please use tf.compat.v1.executing_eagerly_outside_functions instead.

2025-10-28 09:12:17,431 - INFO - Built direction LSTM model with input shape (24, 32)
2025-10-28 09:12:18,710 - WARNING - From D:\GitHub\BTCUSD-Trading-Ai\.venv\lib\site-packages\keras\src\utils\tf_utils.py:492: The name tf.ragged.RaggedTensorValue is deprecated. Please use tf.compat.v1.ragged.RaggedTensorValue instead.

2025-10-28 09:12:21,443 - WARNING - From D:\GitHub\BTCUSD-Trading-Ai\.venv\lib\site-packages\keras\src\engine\base_layer_utils.py:384: The name tf.executing_eagerly_outside_functions is deprecated. Please use tf.compat.v1.executing_eagerly_outside_functions instead.

2025-10-28 09:12:45,109 - INFO - Saved lstm_direction model to data/models/lstm_direction_BTCUSDT_20251028_091245.h5
2025-10-28 09:12:45,109 - INFO - Training gru_direction model
2025-10-28 09:12:45,840 - INFO - Built direction GRU model with input shape (24, 32)
2025-10-28 09:13:07,050 - INFO - Saved gru_direction model to data/models/gru_direction_BTCUSDT_20251028_091306.h5
2025-10-28 09:13:07,050 - INFO - Training cnn_lstm_direction model
2025-10-28 09:13:07,233 - WARNING - From D:\GitHub\BTCUSD-Trading-Ai\.venv\lib\site-packages\keras\src\backend.py:6642: The name tf.nn.max_pool is deprecated. Please use tf.nn.max_pool2d instead.

2025-10-28 09:13:07,583 - INFO - Built direction CNN-LSTM model with input shape (24, 32)
2025-10-28 09:13:22,847 - INFO - Saved cnn_lstm_direction model to data/models/cnn_lstm_direction_BTCUSDT_20251028_091322.h5
2025-10-28 09:13:22,849 - INFO - Saved training results to data/models/training_results_BTCUSDT_20251028_091322.json
2025-10-28 09:14:02,498 - INFO - Saved backtest results to data/backtests\backtest_results_BTCUSDT_20251028_091402.json
2025-10-28 09:14:02,498 - INFO - AI model backtest completed successfully
2025-10-28 09:25:08,412 - INFO - Starting AI model backtest for BTCUSDT
2025-10-28 09:25:08,412 - INFO - Collecting comprehensive dataset for BTCUSDT
2025-10-28 09:25:08,412 - INFO - Collecting 1y of BTC-USD data from Yahoo Finance
2025-10-28 09:25:09,407 - ERROR - No data received from Yahoo Finance for BTC-USD
2025-10-28 09:25:09,407 - INFO - Collecting 230 days of BTCUSDT data from Binance
2025-10-28 09:25:09,681 - INFO - Retrieved 1000 historical data points for BTCUSDT
2025-10-28 09:25:09,935 - ERROR - Error getting historical data for BTCUSDT: 400 Client Error: Bad Request for url: https://api.binance.com/api/v3/klines?symbol=BTCUSDT&interval=1h&limit=1000&startTime=1745337600000.0&endTime=1761609600000
2025-10-28 09:25:09,965 - INFO - Saved 1000 data points to data\raw\BTCUSDT_1h_230d_raw.csv
2025-10-28 09:25:09,965 - INFO - Preprocessing data for BTCUSDT
2025-10-28 09:25:09,996 - INFO - Preprocessed data shape: (927, 42)
2025-10-28 09:25:10,063 - INFO - Comprehensive dataset ready: (927, 42)
2025-10-28 09:25:10,063 - INFO - Training on 207 samples, testing on 720 samples
2025-10-28 09:25:10,063 - INFO - Starting ensemble model training
2025-10-28 09:25:10,063 - INFO - Preparing training data for BTCUSDT
2025-10-28 09:25:10,063 - INFO - Collecting comprehensive dataset for BTCUSDT
2025-10-28 09:25:10,063 - INFO - Collecting 2y of BTC-USD data from Yahoo Finance
2025-10-28 09:25:10,875 - ERROR - No data received from Yahoo Finance for BTC-USD
2025-10-28 09:25:10,875 - INFO - Collecting 365 days of BTCUSDT data from Binance
2025-10-28 09:25:11,042 - INFO - Retrieved 1000 historical data points for BTCUSDT
2025-10-28 09:25:11,277 - ERROR - Error getting historical data for BTCUSDT: 400 Client Error: Bad Request for url: https://api.binance.com/api/v3/klines?symbol=BTCUSDT&interval=1h&limit=1000&startTime=1733673600000.0&endTime=1761609600000
2025-10-28 09:25:11,292 - INFO - Saved 1000 data points to data\raw\BTCUSDT_1h_365d_raw.csv
2025-10-28 09:25:11,292 - INFO - Preprocessing data for BTCUSDT
2025-10-28 09:25:11,308 - INFO - Preprocessed data shape: (927, 42)
2025-10-28 09:25:11,379 - INFO - Comprehensive dataset ready: (927, 42)
2025-10-28 09:25:11,379 - INFO - Using 32 features: ['open', 'high', 'low', 'close', 'volume', 'returns', 'log_returns', 'sma_5', 'sma_10', 'sma_20', 'sma_50', 'ema_5', 'ema_10', 'ema_20', 'ema_50', 'rsi_14', 'macd', 'macd_signal', 'macd_hist', 'bb_middle', 'bb_upper', 'bb_lower', 'bb_width', 'stoch_k', 'stoch_d', 'atr_14', 'volume_sma_20', 'volume_ratio', 'price_range', 'hour', 'day_of_week', 'month']
2025-10-28 09:25:11,379 - INFO - Training data shape: X=(719, 24, 32), y_direction=(719,), y_return=(719,)
2025-10-28 09:25:11,379 - INFO - Testing data shape: X=(180, 24, 32), y_direction=(180,), y_return=(180,)
2025-10-28 09:25:11,379 - INFO - Training lstm_direction model
2025-10-28 09:25:11,556 - WARNING - From D:\GitHub\BTCUSD-Trading-Ai\.venv\lib\site-packages\keras\src\backend.py:1398: The name tf.executing_eagerly_outside_functions is deprecated. Please use tf.compat.v1.executing_eagerly_outside_functions instead.

2025-10-28 09:25:12,290 - INFO - Built direction LSTM model with input shape (24, 32)
2025-10-28 09:25:13,255 - WARNING - From D:\GitHub\BTCUSD-Trading-Ai\.venv\lib\site-packages\keras\src\utils\tf_utils.py:492: The name tf.ragged.RaggedTensorValue is deprecated. Please use tf.compat.v1.ragged.RaggedTensorValue instead.

2025-10-28 09:25:16,159 - WARNING - From D:\GitHub\BTCUSD-Trading-Ai\.venv\lib\site-packages\keras\src\engine\base_layer_utils.py:384: The name tf.executing_eagerly_outside_functions is deprecated. Please use tf.compat.v1.executing_eagerly_outside_functions instead.

2025-10-28 09:25:42,286 - INFO - Saved lstm_direction model to data/models/lstm_direction_BTCUSDT_20251028_092542.h5
2025-10-28 09:25:42,286 - INFO - Training gru_direction model
2025-10-28 09:25:43,672 - INFO - Built direction GRU model with input shape (24, 32)
2025-10-28 09:26:26,329 - INFO - Saved gru_direction model to data/models/gru_direction_BTCUSDT_20251028_092626.h5
2025-10-28 09:26:26,329 - INFO - Training cnn_lstm_direction model
2025-10-28 09:26:26,427 - WARNING - From D:\GitHub\BTCUSD-Trading-Ai\.venv\lib\site-packages\keras\src\backend.py:6642: The name tf.nn.max_pool is deprecated. Please use tf.nn.max_pool2d instead.

2025-10-28 09:26:26,781 - INFO - Built direction CNN-LSTM model with input shape (24, 32)
2025-10-28 09:26:41,525 - INFO - Saved cnn_lstm_direction model to data/models/cnn_lstm_direction_BTCUSDT_20251028_092641.h5
2025-10-28 09:26:41,525 - INFO - Saved training results to data/models/training_results_BTCUSDT_20251028_092641.json
2025-10-28 09:27:30,397 - INFO - Saved backtest results to data/backtests\backtest_results_BTCUSDT_20251028_092730.json
2025-10-28 09:27:30,397 - INFO - AI model backtest completed successfully
2025-10-28 09:34:45,569 - WARNING - From D:\GitHub\BTCUSD-Trading-Ai\.venv\lib\site-packages\keras\src\backend.py:1398: The name tf.executing_eagerly_outside_functions is deprecated. Please use tf.compat.v1.executing_eagerly_outside_functions instead.

2025-10-28 09:34:45,794 - WARNING - From D:\GitHub\BTCUSD-Trading-Ai\.venv\lib\site-packages\keras\src\backend.py:6642: The name tf.nn.max_pool is deprecated. Please use tf.nn.max_pool2d instead.

2025-10-28 09:34:46,983 - INFO - Loaded model: cnn_lstm from cnn_lstm_direction_BTCUSDT_20251027_163236.h5
2025-10-28 09:34:48,017 - INFO - Loaded model: cnn_lstm from cnn_lstm_direction_BTCUSDT_20251027_164314.h5
2025-10-28 09:34:48,752 - INFO - Loaded model: cnn_lstm from cnn_lstm_direction_BTCUSDT_20251027_165214.h5
2025-10-28 09:34:49,500 - INFO - Loaded model: cnn_lstm from cnn_lstm_direction_BTCUSDT_20251027_165705.h5
2025-10-28 09:34:50,565 - INFO - Loaded model: cnn_lstm from cnn_lstm_direction_BTCUSDT_20251027_165902.h5
2025-10-28 09:34:51,569 - INFO - Loaded model: cnn_lstm from cnn_lstm_direction_BTCUSDT_20251027_170522.h5
2025-10-28 09:34:52,308 - INFO - Loaded model: cnn_lstm from cnn_lstm_direction_BTCUSDT_20251027_170912.h5
2025-10-28 09:34:53,032 - INFO - Loaded model: cnn_lstm from cnn_lstm_direction_BTCUSDT_20251028_091322.h5
2025-10-28 09:34:53,754 - INFO - Loaded model: cnn_lstm from cnn_lstm_direction_BTCUSDT_20251028_092641.h5
2025-10-28 09:34:55,163 - INFO - Loaded model: gru_direction from gru_direction_BTCUSDT_20251027_163157.h5
2025-10-28 09:34:56,118 - INFO - Loaded model: gru_direction from gru_direction_BTCUSDT_20251027_164239.h5
2025-10-28 09:34:57,053 - INFO - Loaded model: gru_direction from gru_direction_BTCUSDT_20251027_165123.h5
2025-10-28 09:34:58,463 - INFO - Loaded model: gru_direction from gru_direction_BTCUSDT_20251027_165631.h5
2025-10-28 09:34:59,431 - INFO - Loaded model: gru_direction from gru_direction_BTCUSDT_20251027_165828.h5
2025-10-28 09:35:00,285 - INFO - Loaded model: gru_direction from gru_direction_BTCUSDT_20251027_170434.h5
2025-10-28 09:35:01,270 - INFO - Loaded model: gru_direction from gru_direction_BTCUSDT_20251027_170819.h5
2025-10-28 09:35:02,112 - INFO - Loaded model: gru_direction from gru_direction_BTCUSDT_20251028_091306.h5
2025-10-28 09:35:03,362 - INFO - Loaded model: gru_direction from gru_direction_BTCUSDT_20251028_092626.h5
2025-10-28 09:35:04,285 - INFO - Loaded model: lstm_direction from lstm_direction_BTCUSDT_20251027_163116.h5
2025-10-28 09:35:05,194 - INFO - Loaded model: lstm_direction from lstm_direction_BTCUSDT_20251027_164147.h5
2025-10-28 09:35:06,327 - INFO - Loaded model: lstm_direction from lstm_direction_BTCUSDT_20251027_165031.h5
2025-10-28 09:35:07,111 - INFO - Loaded model: lstm_direction from lstm_direction_BTCUSDT_20251027_165551.h5
2025-10-28 09:35:08,205 - INFO - Loaded model: lstm_direction from lstm_direction_BTCUSDT_20251027_165748.h5
2025-10-28 09:35:09,266 - INFO - Loaded model: lstm_direction from lstm_direction_BTCUSDT_20251027_170344.h5
2025-10-28 09:35:09,997 - INFO - Loaded model: lstm_direction from lstm_direction_BTCUSDT_20251027_170656.h5
2025-10-28 09:35:10,755 - INFO - Loaded model: lstm_direction from lstm_direction_BTCUSDT_20251028_091245.h5
2025-10-28 09:35:11,626 - INFO - Loaded model: lstm_direction from lstm_direction_BTCUSDT_20251028_092542.h5
2025-10-28 09:35:11,626 - INFO - Successfully loaded 3 models
2025-10-28 09:39:39,346 - WARNING - From D:\GitHub\BTCUSD-Trading-Ai\.venv\lib\site-packages\keras\src\backend.py:1398: The name tf.executing_eagerly_outside_functions is deprecated. Please use tf.compat.v1.executing_eagerly_outside_functions instead.

2025-10-28 09:39:39,546 - WARNING - From D:\GitHub\BTCUSD-Trading-Ai\.venv\lib\site-packages\keras\src\backend.py:6642: The name tf.nn.max_pool is deprecated. Please use tf.nn.max_pool2d instead.

2025-10-28 09:39:40,795 - INFO - Loaded model: cnn_lstm from cnn_lstm_direction_BTCUSDT_20251027_163236.h5
2025-10-28 09:39:41,717 - INFO - Loaded model: cnn_lstm from cnn_lstm_direction_BTCUSDT_20251027_164314.h5
2025-10-28 09:39:42,504 - INFO - Loaded model: cnn_lstm from cnn_lstm_direction_BTCUSDT_20251027_165214.h5
2025-10-28 09:39:43,295 - INFO - Loaded model: cnn_lstm from cnn_lstm_direction_BTCUSDT_20251027_165705.h5
2025-10-28 09:39:44,169 - INFO - Loaded model: cnn_lstm from cnn_lstm_direction_BTCUSDT_20251027_165902.h5
2025-10-28 09:39:44,995 - INFO - Loaded model: cnn_lstm from cnn_lstm_direction_BTCUSDT_20251027_170522.h5
2025-10-28 09:39:45,919 - INFO - Loaded model: cnn_lstm from cnn_lstm_direction_BTCUSDT_20251027_170912.h5
2025-10-28 09:39:46,770 - INFO - Loaded model: cnn_lstm from cnn_lstm_direction_BTCUSDT_20251028_091322.h5
2025-10-28 09:39:47,633 - INFO - Loaded model: cnn_lstm from cnn_lstm_direction_BTCUSDT_20251028_092641.h5
2025-10-28 09:39:48,647 - INFO - Loaded model: gru_direction from gru_direction_BTCUSDT_20251027_163157.h5
2025-10-28 09:39:49,499 - INFO - Loaded model: gru_direction from gru_direction_BTCUSDT_20251027_164239.h5
2025-10-28 09:39:50,261 - INFO - Loaded model: gru_direction from gru_direction_BTCUSDT_20251027_165123.h5
2025-10-28 09:39:51,235 - INFO - Loaded model: gru_direction from gru_direction_BTCUSDT_20251027_165631.h5
2025-10-28 09:39:52,210 - INFO - Loaded model: gru_direction from gru_direction_BTCUSDT_20251027_165828.h5
2025-10-28 09:39:53,050 - INFO - Loaded model: gru_direction from gru_direction_BTCUSDT_20251027_170434.h5
2025-10-28 09:39:53,777 - INFO - Loaded model: gru_direction from gru_direction_BTCUSDT_20251027_170819.h5
2025-10-28 09:39:54,826 - INFO - Loaded model: gru_direction from gru_direction_BTCUSDT_20251028_091306.h5
2025-10-28 09:39:56,142 - INFO - Loaded model: gru_direction from gru_direction_BTCUSDT_20251028_092626.h5
2025-10-28 09:39:57,042 - INFO - Loaded model: lstm_direction from lstm_direction_BTCUSDT_20251027_163116.h5
2025-10-28 09:39:57,723 - INFO - Loaded model: lstm_direction from lstm_direction_BTCUSDT_20251027_164147.h5
2025-10-28 09:39:58,371 - INFO - Loaded model: lstm_direction from lstm_direction_BTCUSDT_20251027_165031.h5
2025-10-28 09:39:59,058 - INFO - Loaded model: lstm_direction from lstm_direction_BTCUSDT_20251027_165551.h5
2025-10-28 09:39:59,858 - INFO - Loaded model: lstm_direction from lstm_direction_BTCUSDT_20251027_165748.h5
2025-10-28 09:40:00,659 - INFO - Loaded model: lstm_direction from lstm_direction_BTCUSDT_20251027_170344.h5
2025-10-28 09:40:01,718 - INFO - Loaded model: lstm_direction from lstm_direction_BTCUSDT_20251027_170656.h5
2025-10-28 09:40:02,843 - INFO - Loaded model: lstm_direction from lstm_direction_BTCUSDT_20251028_091245.h5
2025-10-28 09:40:04,291 - INFO - Loaded model: lstm_direction from lstm_direction_BTCUSDT_20251028_092542.h5
2025-10-28 09:40:04,291 - INFO - Successfully loaded 3 models
2025-10-28 09:40:04,312 - INFO - Collecting 2 days of BTCUSDT data from Binance
2025-10-28 09:40:04,565 - INFO - Retrieved 48 historical data points for BTCUSDT
2025-10-28 09:40:04,686 - INFO - Saved 48 data points to data\raw\BTCUSDT_1h_2d_raw.csv
2025-10-28 09:40:05,024 - ERROR - Error generating trading signal: in user code:

    File "D:\GitHub\BTCUSD-Trading-Ai\.venv\lib\site-packages\keras\src\engine\training.py", line 2440, in predict_function  *
        return step_function(self, iterator)
    File "D:\GitHub\BTCUSD-Trading-Ai\.venv\lib\site-packages\keras\src\engine\training.py", line 2425, in step_function  **
        outputs = model.distribute_strategy.run(run_step, args=(data,))
    File "D:\GitHub\BTCUSD-Trading-Ai\.venv\lib\site-packages\keras\src\engine\training.py", line 2413, in run_step  **
        outputs = model.predict_step(data)
    File "D:\GitHub\BTCUSD-Trading-Ai\.venv\lib\site-packages\keras\src\engine\training.py", line 2381, in predict_step
        return self(x, training=False)
    File "D:\GitHub\BTCUSD-Trading-Ai\.venv\lib\site-packages\keras\src\utils\traceback_utils.py", line 70, in error_handler
        raise e.with_traceback(filtered_tb) from None
    File "D:\GitHub\BTCUSD-Trading-Ai\.venv\lib\site-packages\keras\src\engine\input_spec.py", line 298, in assert_input_compatibility
        raise ValueError(

    ValueError: Input 0 of layer "sequential_2" is incompatible with the layer: expected shape=(None, 24, 32), found shape=(None, 24, 5)

2025-10-28 09:55:43,560 - WARNING - From D:\GitHub\BTCUSD-Trading-Ai\.venv\lib\site-packages\keras\src\backend.py:1398: The name tf.executing_eagerly_outside_functions is deprecated. Please use tf.compat.v1.executing_eagerly_outside_functions instead.

2025-10-28 09:55:43,840 - WARNING - From D:\GitHub\BTCUSD-Trading-Ai\.venv\lib\site-packages\keras\src\backend.py:6642: The name tf.nn.max_pool is deprecated. Please use tf.nn.max_pool2d instead.

2025-10-28 09:55:44,741 - INFO - Loaded model: cnn_lstm from cnn_lstm_direction_BTCUSDT_20251027_163236.h5
2025-10-28 09:55:45,492 - INFO - Loaded model: cnn_lstm from cnn_lstm_direction_BTCUSDT_20251027_164314.h5
2025-10-28 09:55:46,191 - INFO - Loaded model: cnn_lstm from cnn_lstm_direction_BTCUSDT_20251027_165214.h5
2025-10-28 09:55:46,790 - INFO - Loaded model: cnn_lstm from cnn_lstm_direction_BTCUSDT_20251027_165705.h5
2025-10-28 09:55:47,491 - INFO - Loaded model: cnn_lstm from cnn_lstm_direction_BTCUSDT_20251027_165902.h5
2025-10-28 09:55:48,423 - INFO - Loaded model: cnn_lstm from cnn_lstm_direction_BTCUSDT_20251027_170522.h5
2025-10-28 09:55:49,121 - INFO - Loaded model: cnn_lstm from cnn_lstm_direction_BTCUSDT_20251027_170912.h5
2025-10-28 09:55:49,719 - INFO - Loaded model: cnn_lstm from cnn_lstm_direction_BTCUSDT_20251028_091322.h5
2025-10-28 09:55:50,313 - INFO - Loaded model: cnn_lstm from cnn_lstm_direction_BTCUSDT_20251028_092641.h5
2025-10-28 09:55:51,239 - INFO - Loaded model: gru_direction from gru_direction_BTCUSDT_20251027_163157.h5
2025-10-28 09:55:52,073 - INFO - Loaded model: gru_direction from gru_direction_BTCUSDT_20251027_164239.h5
2025-10-28 09:55:52,806 - INFO - Loaded model: gru_direction from gru_direction_BTCUSDT_20251027_165123.h5
2025-10-28 09:55:53,625 - INFO - Loaded model: gru_direction from gru_direction_BTCUSDT_20251027_165631.h5
2025-10-28 09:55:54,771 - INFO - Loaded model: gru_direction from gru_direction_BTCUSDT_20251027_165828.h5
2025-10-28 09:55:55,797 - INFO - Loaded model: gru_direction from gru_direction_BTCUSDT_20251027_170434.h5
2025-10-28 09:55:56,763 - INFO - Loaded model: gru_direction from gru_direction_BTCUSDT_20251027_170819.h5
2025-10-28 09:55:57,664 - INFO - Loaded model: gru_direction from gru_direction_BTCUSDT_20251028_091306.h5
2025-10-28 09:55:58,907 - INFO - Loaded model: gru_direction from gru_direction_BTCUSDT_20251028_092626.h5
2025-10-28 09:55:59,797 - INFO - Loaded model: lstm_direction from lstm_direction_BTCUSDT_20251027_163116.h5
2025-10-28 09:56:00,714 - INFO - Loaded model: lstm_direction from lstm_direction_BTCUSDT_20251027_164147.h5
2025-10-28 09:56:01,523 - INFO - Loaded model: lstm_direction from lstm_direction_BTCUSDT_20251027_165031.h5
2025-10-28 09:56:02,549 - INFO - Loaded model: lstm_direction from lstm_direction_BTCUSDT_20251027_165551.h5
2025-10-28 09:56:04,544 - INFO - Loaded model: lstm_direction from lstm_direction_BTCUSDT_20251027_165748.h5
2025-10-28 09:56:07,617 - INFO - Loaded model: lstm_direction from lstm_direction_BTCUSDT_20251027_170344.h5
2025-10-28 09:56:09,414 - INFO - Loaded model: lstm_direction from lstm_direction_BTCUSDT_20251027_170656.h5
2025-10-28 09:56:11,594 - INFO - Loaded model: lstm_direction from lstm_direction_BTCUSDT_20251028_091245.h5
2025-10-28 09:56:14,034 - INFO - Loaded model: lstm_direction from lstm_direction_BTCUSDT_20251028_092542.h5
2025-10-28 09:56:14,035 - INFO - Successfully loaded 3 models
2025-10-28 09:56:14,090 - INFO - Collecting 2 days of BTCUSDT data from Binance
2025-10-28 09:56:14,455 - INFO - Retrieved 48 historical data points for BTCUSDT
2025-10-28 09:56:14,654 - INFO - Saved 48 data points to data\raw\BTCUSDT_1h_2d_raw.csv
2025-10-28 09:56:16,574 - ERROR - Error generating trading signal: in user code:

    File "D:\GitHub\BTCUSD-Trading-Ai\.venv\lib\site-packages\keras\src\engine\training.py", line 2440, in predict_function  *
        return step_function(self, iterator)
    File "D:\GitHub\BTCUSD-Trading-Ai\.venv\lib\site-packages\keras\src\engine\training.py", line 2425, in step_function  **
        outputs = model.distribute_strategy.run(run_step, args=(data,))
    File "D:\GitHub\BTCUSD-Trading-Ai\.venv\lib\site-packages\keras\src\engine\training.py", line 2413, in run_step  **
        outputs = model.predict_step(data)
    File "D:\GitHub\BTCUSD-Trading-Ai\.venv\lib\site-packages\keras\src\engine\training.py", line 2381, in predict_step
        return self(x, training=False)
    File "D:\GitHub\BTCUSD-Trading-Ai\.venv\lib\site-packages\keras\src\utils\traceback_utils.py", line 70, in error_handler
        raise e.with_traceback(filtered_tb) from None
    File "D:\GitHub\BTCUSD-Trading-Ai\.venv\lib\site-packages\keras\src\engine\input_spec.py", line 298, in assert_input_compatibility
        raise ValueError(

    ValueError: Input 0 of layer "sequential_2" is incompatible with the layer: expected shape=(None, 24, 32), found shape=(None, 24, 5)

2025-10-28 09:59:10,458 - WARNING - From D:\GitHub\BTCUSD-Trading-Ai\.venv\lib\site-packages\keras\src\backend.py:1398: The name tf.executing_eagerly_outside_functions is deprecated. Please use tf.compat.v1.executing_eagerly_outside_functions instead.

2025-10-28 09:59:10,907 - WARNING - From D:\GitHub\BTCUSD-Trading-Ai\.venv\lib\site-packages\keras\src\backend.py:6642: The name tf.nn.max_pool is deprecated. Please use tf.nn.max_pool2d instead.

2025-10-28 09:59:12,357 - INFO - Loaded model: cnn_lstm from cnn_lstm_direction_BTCUSDT_20251027_163236.h5
2025-10-28 09:59:13,391 - INFO - Loaded model: cnn_lstm from cnn_lstm_direction_BTCUSDT_20251027_164314.h5
2025-10-28 09:59:14,643 - INFO - Loaded model: cnn_lstm from cnn_lstm_direction_BTCUSDT_20251027_165214.h5
2025-10-28 09:59:16,330 - INFO - Loaded model: cnn_lstm from cnn_lstm_direction_BTCUSDT_20251027_165705.h5
2025-10-28 09:59:17,848 - INFO - Loaded model: cnn_lstm from cnn_lstm_direction_BTCUSDT_20251027_165902.h5
2025-10-28 09:59:18,790 - INFO - Loaded model: cnn_lstm from cnn_lstm_direction_BTCUSDT_20251027_170522.h5
2025-10-28 09:59:19,563 - INFO - Loaded model: cnn_lstm from cnn_lstm_direction_BTCUSDT_20251027_170912.h5
2025-10-28 09:59:20,433 - INFO - Loaded model: cnn_lstm from cnn_lstm_direction_BTCUSDT_20251028_091322.h5
2025-10-28 09:59:21,601 - INFO - Loaded model: cnn_lstm from cnn_lstm_direction_BTCUSDT_20251028_092641.h5
2025-10-28 09:59:22,913 - INFO - Loaded model: gru_direction from gru_direction_BTCUSDT_20251027_163157.h5
2025-10-28 09:59:23,949 - INFO - Loaded model: gru_direction from gru_direction_BTCUSDT_20251027_164239.h5
2025-10-28 09:59:26,609 - INFO - Loaded model: gru_direction from gru_direction_BTCUSDT_20251027_165123.h5
2025-10-28 09:59:27,837 - INFO - Loaded model: gru_direction from gru_direction_BTCUSDT_20251027_165631.h5
2025-10-28 09:59:30,191 - INFO - Loaded model: gru_direction from gru_direction_BTCUSDT_20251027_165828.h5
2025-10-28 09:59:31,920 - INFO - Loaded model: gru_direction from gru_direction_BTCUSDT_20251027_170434.h5
2025-10-28 09:59:33,191 - INFO - Loaded model: gru_direction from gru_direction_BTCUSDT_20251027_170819.h5
2025-10-28 09:59:34,611 - INFO - Loaded model: gru_direction from gru_direction_BTCUSDT_20251028_091306.h5
2025-10-28 09:59:36,716 - INFO - Loaded model: gru_direction from gru_direction_BTCUSDT_20251028_092626.h5
2025-10-28 09:59:39,321 - INFO - Loaded model: lstm_direction from lstm_direction_BTCUSDT_20251027_163116.h5
2025-10-28 09:59:40,833 - INFO - Loaded model: lstm_direction from lstm_direction_BTCUSDT_20251027_164147.h5
2025-10-28 09:59:42,176 - INFO - Loaded model: lstm_direction from lstm_direction_BTCUSDT_20251027_165031.h5
2025-10-28 09:59:43,050 - INFO - Loaded model: lstm_direction from lstm_direction_BTCUSDT_20251027_165551.h5
2025-10-28 09:59:44,203 - INFO - Loaded model: lstm_direction from lstm_direction_BTCUSDT_20251027_165748.h5
2025-10-28 09:59:45,324 - INFO - Loaded model: lstm_direction from lstm_direction_BTCUSDT_20251027_170344.h5
2025-10-28 09:59:46,579 - INFO - Loaded model: lstm_direction from lstm_direction_BTCUSDT_20251027_170656.h5
2025-10-28 09:59:48,755 - INFO - Loaded model: lstm_direction from lstm_direction_BTCUSDT_20251028_091245.h5
2025-10-28 09:59:51,574 - INFO - Loaded model: lstm_direction from lstm_direction_BTCUSDT_20251028_092542.h5
2025-10-28 09:59:51,574 - INFO - Successfully loaded 3 models
2025-10-28 09:59:51,588 - INFO - Collecting comprehensive dataset for BTCUSDT
2025-10-28 09:59:51,659 - INFO - Collecting 7 days of BTCUSDT data from Binance
2025-10-28 09:59:52,042 - INFO - Retrieved 168 historical data points for BTCUSDT
2025-10-28 09:59:52,206 - INFO - Saved 168 data points to data\raw\BTCUSDT_1h_7d_raw.csv
2025-10-28 09:59:52,206 - INFO - Preprocessing data for BTCUSDT
2025-10-28 09:59:52,387 - INFO - Preprocessed data shape: (95, 42)
2025-10-28 09:59:52,434 - INFO - Comprehensive dataset ready: (95, 42)
2025-10-28 10:01:20,647 - INFO - Collecting comprehensive dataset for BTCUSDT
2025-10-28 10:01:20,676 - INFO - Collecting 30 days of BTCUSDT data from Binance
2025-10-28 10:01:20,934 - INFO - Retrieved 720 historical data points for BTCUSDT
2025-10-28 10:01:21,085 - INFO - Saved 720 data points to data\raw\BTCUSDT_1h_30d_raw.csv
2025-10-28 10:01:21,085 - INFO - Preprocessing data for BTCUSDT
2025-10-28 10:01:21,150 - INFO - Preprocessed data shape: (647, 42)
2025-10-28 10:01:21,257 - INFO - Comprehensive dataset ready: (647, 42)
2025-10-28 10:01:21,271 - INFO - Collecting comprehensive dataset for BTCUSDT
2025-10-28 10:01:21,275 - INFO - Collecting 7 days of BTCUSDT data from Binance
2025-10-28 10:01:21,463 - INFO - Retrieved 168 historical data points for BTCUSDT
2025-10-28 10:01:21,589 - INFO - Saved 168 data points to data\raw\BTCUSDT_1h_7d_raw.csv
2025-10-28 10:01:21,589 - INFO - Preprocessing data for BTCUSDT
2025-10-28 10:01:21,645 - INFO - Preprocessed data shape: (95, 42)
2025-10-28 10:01:21,668 - INFO - Comprehensive dataset ready: (95, 42)
2025-10-28 10:06:27,537 - WARNING - From D:\GitHub\BTCUSD-Trading-Ai\.venv\lib\site-packages\keras\src\backend.py:1398: The name tf.executing_eagerly_outside_functions is deprecated. Please use tf.compat.v1.executing_eagerly_outside_functions instead.

2025-10-28 10:06:27,988 - WARNING - From D:\GitHub\BTCUSD-Trading-Ai\.venv\lib\site-packages\keras\src\backend.py:6642: The name tf.nn.max_pool is deprecated. Please use tf.nn.max_pool2d instead.

2025-10-28 10:06:29,669 - INFO - Loaded model: cnn_lstm from cnn_lstm_direction_BTCUSDT_20251027_163236.h5
2025-10-28 10:06:31,004 - INFO - Loaded model: cnn_lstm from cnn_lstm_direction_BTCUSDT_20251027_164314.h5
2025-10-28 10:06:32,056 - INFO - Loaded model: cnn_lstm from cnn_lstm_direction_BTCUSDT_20251027_165214.h5
2025-10-28 10:06:33,217 - INFO - Loaded model: cnn_lstm from cnn_lstm_direction_BTCUSDT_20251027_165705.h5
2025-10-28 10:06:34,528 - INFO - Loaded model: cnn_lstm from cnn_lstm_direction_BTCUSDT_20251027_165902.h5
2025-10-28 10:06:36,274 - INFO - Loaded model: cnn_lstm from cnn_lstm_direction_BTCUSDT_20251027_170522.h5
2025-10-28 10:06:37,468 - INFO - Loaded model: cnn_lstm from cnn_lstm_direction_BTCUSDT_20251027_170912.h5
2025-10-28 10:06:38,997 - INFO - Loaded model: cnn_lstm from cnn_lstm_direction_BTCUSDT_20251028_091322.h5
2025-10-28 10:06:40,302 - INFO - Loaded model: cnn_lstm from cnn_lstm_direction_BTCUSDT_20251028_092641.h5
2025-10-28 10:06:41,954 - INFO - Loaded model: gru_direction from gru_direction_BTCUSDT_20251027_163157.h5
2025-10-28 10:06:43,380 - INFO - Loaded model: gru_direction from gru_direction_BTCUSDT_20251027_164239.h5
2025-10-28 10:06:44,781 - INFO - Loaded model: gru_direction from gru_direction_BTCUSDT_20251027_165123.h5
2025-10-28 10:06:46,471 - INFO - Loaded model: gru_direction from gru_direction_BTCUSDT_20251027_165631.h5
2025-10-28 10:06:48,574 - INFO - Loaded model: gru_direction from gru_direction_BTCUSDT_20251027_165828.h5
2025-10-28 10:06:51,318 - INFO - Loaded model: gru_direction from gru_direction_BTCUSDT_20251027_170434.h5
2025-10-28 10:06:53,905 - INFO - Loaded model: gru_direction from gru_direction_BTCUSDT_20251027_170819.h5
2025-10-28 10:06:56,406 - INFO - Loaded model: gru_direction from gru_direction_BTCUSDT_20251028_091306.h5
2025-10-28 10:06:58,662 - INFO - Loaded model: gru_direction from gru_direction_BTCUSDT_20251028_092626.h5
2025-10-28 10:07:01,428 - INFO - Loaded model: lstm_direction from lstm_direction_BTCUSDT_20251027_163116.h5
2025-10-28 10:07:03,600 - INFO - Loaded model: lstm_direction from lstm_direction_BTCUSDT_20251027_164147.h5
2025-10-28 10:07:05,522 - INFO - Loaded model: lstm_direction from lstm_direction_BTCUSDT_20251027_165031.h5
2025-10-28 10:07:08,146 - INFO - Loaded model: lstm_direction from lstm_direction_BTCUSDT_20251027_165551.h5
2025-10-28 10:07:11,445 - INFO - Loaded model: lstm_direction from lstm_direction_BTCUSDT_20251027_165748.h5
2025-10-28 10:07:14,383 - INFO - Loaded model: lstm_direction from lstm_direction_BTCUSDT_20251027_170344.h5
2025-10-28 10:07:16,614 - INFO - Loaded model: lstm_direction from lstm_direction_BTCUSDT_20251027_170656.h5
2025-10-28 10:07:18,111 - INFO - Loaded model: lstm_direction from lstm_direction_BTCUSDT_20251028_091245.h5
2025-10-28 10:07:19,112 - INFO - Loaded model: lstm_direction from lstm_direction_BTCUSDT_20251028_092542.h5
2025-10-28 10:07:19,112 - INFO - Successfully loaded 3 models
2025-10-28 10:07:19,132 - INFO - Collecting comprehensive dataset for BTCUSDT
2025-10-28 10:07:19,464 - INFO - Collecting 1 days of BTCUSDT data from Binance
2025-10-28 10:07:20,653 - INFO - Retrieved 24 historical data points for BTCUSDT
2025-10-28 10:07:20,856 - INFO - Saved 24 data points to data\raw\BTCUSDT_1h_1d_raw.csv
2025-10-28 10:07:20,856 - INFO - Preprocessing data for BTCUSDT
2025-10-28 10:07:20,937 - INFO - Preprocessed data shape: (0, 42)
2025-10-28 10:07:20,942 - INFO - Comprehensive dataset ready: (0, 42)
2025-10-28 10:10:34,316 - INFO - Collecting comprehensive dataset for BTCUSDT
2025-10-28 10:10:34,325 - INFO - Collecting 1 days of BTCUSDT data from Binance
2025-10-28 10:10:34,539 - INFO - Retrieved 24 historical data points for BTCUSDT
2025-10-28 10:10:34,647 - INFO - Saved 24 data points to data\raw\BTCUSDT_1h_1d_raw.csv
2025-10-28 10:10:34,647 - INFO - Preprocessing data for BTCUSDT
2025-10-28 10:10:34,699 - INFO - Preprocessed data shape: (0, 42)
2025-10-28 10:10:34,702 - INFO - Comprehensive dataset ready: (0, 42)
2025-10-28 10:11:28,770 - WARNING - From D:\GitHub\BTCUSD-Trading-Ai\.venv\lib\site-packages\keras\src\backend.py:1398: The name tf.executing_eagerly_outside_functions is deprecated. Please use tf.compat.v1.executing_eagerly_outside_functions instead.

2025-10-28 10:11:29,027 - WARNING - From D:\GitHub\BTCUSD-Trading-Ai\.venv\lib\site-packages\keras\src\backend.py:6642: The name tf.nn.max_pool is deprecated. Please use tf.nn.max_pool2d instead.

2025-10-28 10:11:30,496 - INFO - Loaded model: cnn_lstm from cnn_lstm_direction_BTCUSDT_20251027_163236.h5
2025-10-28 10:11:31,721 - INFO - Loaded model: cnn_lstm from cnn_lstm_direction_BTCUSDT_20251027_164314.h5
2025-10-28 10:11:32,999 - INFO - Loaded model: cnn_lstm from cnn_lstm_direction_BTCUSDT_20251027_165214.h5
2025-10-28 10:11:34,340 - INFO - Loaded model: cnn_lstm from cnn_lstm_direction_BTCUSDT_20251027_165705.h5
2025-10-28 10:11:35,837 - INFO - Loaded model: cnn_lstm from cnn_lstm_direction_BTCUSDT_20251027_165902.h5
2025-10-28 10:11:38,065 - INFO - Loaded model: cnn_lstm from cnn_lstm_direction_BTCUSDT_20251027_170522.h5
2025-10-28 10:11:39,170 - INFO - Loaded model: cnn_lstm from cnn_lstm_direction_BTCUSDT_20251027_170912.h5
2025-10-28 10:11:41,613 - INFO - Loaded model: cnn_lstm from cnn_lstm_direction_BTCUSDT_20251028_091322.h5
2025-10-28 10:11:42,768 - INFO - Loaded model: cnn_lstm from cnn_lstm_direction_BTCUSDT_20251028_092641.h5
2025-10-28 10:11:43,752 - INFO - Loaded model: gru_direction from gru_direction_BTCUSDT_20251027_163157.h5
2025-10-28 10:11:44,751 - INFO - Loaded model: gru_direction from gru_direction_BTCUSDT_20251027_164239.h5
2025-10-28 10:11:45,918 - INFO - Loaded model: gru_direction from gru_direction_BTCUSDT_20251027_165123.h5
2025-10-28 10:11:46,798 - INFO - Loaded model: gru_direction from gru_direction_BTCUSDT_20251027_165631.h5
2025-10-28 10:11:48,151 - INFO - Loaded model: gru_direction from gru_direction_BTCUSDT_20251027_165828.h5
2025-10-28 10:11:49,269 - INFO - Loaded model: gru_direction from gru_direction_BTCUSDT_20251027_170434.h5
2025-10-28 10:11:50,721 - INFO - Loaded model: gru_direction from gru_direction_BTCUSDT_20251027_170819.h5
2025-10-28 10:11:52,489 - INFO - Loaded model: gru_direction from gru_direction_BTCUSDT_20251028_091306.h5
2025-10-28 10:11:54,278 - INFO - Loaded model: gru_direction from gru_direction_BTCUSDT_20251028_092626.h5
2025-10-28 10:11:55,641 - INFO - Loaded model: lstm_direction from lstm_direction_BTCUSDT_20251027_163116.h5
2025-10-28 10:11:56,753 - INFO - Loaded model: lstm_direction from lstm_direction_BTCUSDT_20251027_164147.h5
2025-10-28 10:11:58,206 - INFO - Loaded model: lstm_direction from lstm_direction_BTCUSDT_20251027_165031.h5
2025-10-28 10:11:59,635 - INFO - Loaded model: lstm_direction from lstm_direction_BTCUSDT_20251027_165551.h5
2025-10-28 10:12:01,287 - INFO - Loaded model: lstm_direction from lstm_direction_BTCUSDT_20251027_165748.h5
2025-10-28 10:12:03,461 - INFO - Loaded model: lstm_direction from lstm_direction_BTCUSDT_20251027_170344.h5
2025-10-28 10:12:04,327 - INFO - Loaded model: lstm_direction from lstm_direction_BTCUSDT_20251027_170656.h5
2025-10-28 10:12:06,287 - INFO - Loaded model: lstm_direction from lstm_direction_BTCUSDT_20251028_091245.h5
2025-10-28 10:12:07,817 - INFO - Loaded model: lstm_direction from lstm_direction_BTCUSDT_20251028_092542.h5
2025-10-28 10:12:07,817 - INFO - Successfully loaded 3 models
2025-10-28 10:12:08,085 - INFO - Collecting comprehensive dataset for BTCUSDT
2025-10-28 10:12:08,107 - INFO - Collecting 1 days of BTCUSDT data from Binance
2025-10-28 10:12:08,320 - INFO - Retrieved 24 historical data points for BTCUSDT
2025-10-28 10:12:08,459 - INFO - Saved 24 data points to data\raw\BTCUSDT_1h_1d_raw.csv
2025-10-28 10:12:08,459 - INFO - Preprocessing data for BTCUSDT
2025-10-28 10:12:08,535 - INFO - Preprocessed data shape: (0, 42)
2025-10-28 10:12:08,537 - INFO - Comprehensive dataset ready: (0, 42)
2025-10-28 10:14:25,638 - WARNING - From D:\GitHub\BTCUSD-Trading-Ai\.venv\lib\site-packages\keras\src\backend.py:1398: The name tf.executing_eagerly_outside_functions is deprecated. Please use tf.compat.v1.executing_eagerly_outside_functions instead.

2025-10-28 10:14:25,878 - WARNING - From D:\GitHub\BTCUSD-Trading-Ai\.venv\lib\site-packages\keras\src\backend.py:6642: The name tf.nn.max_pool is deprecated. Please use tf.nn.max_pool2d instead.

2025-10-28 10:14:26,996 - INFO - Loaded model: cnn_lstm from cnn_lstm_direction_BTCUSDT_20251027_163236.h5
2025-10-28 10:14:27,938 - INFO - Loaded model: cnn_lstm from cnn_lstm_direction_BTCUSDT_20251027_164314.h5
2025-10-28 10:14:29,333 - INFO - Loaded model: cnn_lstm from cnn_lstm_direction_BTCUSDT_20251027_165214.h5
2025-10-28 10:14:30,328 - INFO - Loaded model: cnn_lstm from cnn_lstm_direction_BTCUSDT_20251027_165705.h5
2025-10-28 10:14:31,412 - INFO - Loaded model: cnn_lstm from cnn_lstm_direction_BTCUSDT_20251027_165902.h5
2025-10-28 10:14:32,736 - INFO - Loaded model: cnn_lstm from cnn_lstm_direction_BTCUSDT_20251027_170522.h5
2025-10-28 10:14:33,778 - INFO - Loaded model: cnn_lstm from cnn_lstm_direction_BTCUSDT_20251027_170912.h5
2025-10-28 10:14:34,722 - INFO - Loaded model: cnn_lstm from cnn_lstm_direction_BTCUSDT_20251028_091322.h5
2025-10-28 10:14:35,805 - INFO - Loaded model: cnn_lstm from cnn_lstm_direction_BTCUSDT_20251028_092641.h5
2025-10-28 10:14:37,508 - INFO - Loaded model: gru_direction from gru_direction_BTCUSDT_20251027_163157.h5
2025-10-28 10:14:38,830 - INFO - Loaded model: gru_direction from gru_direction_BTCUSDT_20251027_164239.h5
2025-10-28 10:14:40,926 - INFO - Loaded model: gru_direction from gru_direction_BTCUSDT_20251027_165123.h5
2025-10-28 10:14:42,109 - INFO - Loaded model: gru_direction from gru_direction_BTCUSDT_20251027_165631.h5
2025-10-28 10:14:43,192 - INFO - Loaded model: gru_direction from gru_direction_BTCUSDT_20251027_165828.h5
2025-10-28 10:14:44,176 - INFO - Loaded model: gru_direction from gru_direction_BTCUSDT_20251027_170434.h5
2025-10-28 10:14:45,108 - INFO - Loaded model: gru_direction from gru_direction_BTCUSDT_20251027_170819.h5
2025-10-28 10:14:45,991 - INFO - Loaded model: gru_direction from gru_direction_BTCUSDT_20251028_091306.h5
2025-10-28 10:14:47,341 - INFO - Loaded model: gru_direction from gru_direction_BTCUSDT_20251028_092626.h5
2025-10-28 10:14:48,686 - INFO - Loaded model: lstm_direction from lstm_direction_BTCUSDT_20251027_163116.h5
2025-10-28 10:14:50,061 - INFO - Loaded model: lstm_direction from lstm_direction_BTCUSDT_20251027_164147.h5
2025-10-28 10:14:51,654 - INFO - Loaded model: lstm_direction from lstm_direction_BTCUSDT_20251027_165031.h5
2025-10-28 10:14:53,009 - INFO - Loaded model: lstm_direction from lstm_direction_BTCUSDT_20251027_165551.h5
2025-10-28 10:14:54,654 - INFO - Loaded model: lstm_direction from lstm_direction_BTCUSDT_20251027_165748.h5
2025-10-28 10:14:56,491 - INFO - Loaded model: lstm_direction from lstm_direction_BTCUSDT_20251027_170344.h5
2025-10-28 10:14:58,547 - INFO - Loaded model: lstm_direction from lstm_direction_BTCUSDT_20251027_170656.h5
2025-10-28 10:15:00,246 - INFO - Loaded model: lstm_direction from lstm_direction_BTCUSDT_20251028_091245.h5
2025-10-28 10:15:02,311 - INFO - Loaded model: lstm_direction from lstm_direction_BTCUSDT_20251028_092542.h5
2025-10-28 10:15:02,311 - INFO - Successfully loaded 3 models
2025-10-28 10:15:03,240 - ERROR - Error generating trading signal: in user code:

    File "D:\GitHub\BTCUSD-Trading-Ai\.venv\lib\site-packages\keras\src\engine\training.py", line 2440, in predict_function  *
        return step_function(self, iterator)
    File "D:\GitHub\BTCUSD-Trading-Ai\.venv\lib\site-packages\keras\src\engine\training.py", line 2425, in step_function  **
        outputs = model.distribute_strategy.run(run_step, args=(data,))
    File "D:\GitHub\BTCUSD-Trading-Ai\.venv\lib\site-packages\keras\src\engine\training.py", line 2413, in run_step  **
        outputs = model.predict_step(data)
    File "D:\GitHub\BTCUSD-Trading-Ai\.venv\lib\site-packages\keras\src\engine\training.py", line 2381, in predict_step
        return self(x, training=False)
    File "D:\GitHub\BTCUSD-Trading-Ai\.venv\lib\site-packages\keras\src\utils\traceback_utils.py", line 70, in error_handler
        raise e.with_traceback(filtered_tb) from None
    File "D:\GitHub\BTCUSD-Trading-Ai\.venv\lib\site-packages\keras\src\engine\input_spec.py", line 298, in assert_input_compatibility
        raise ValueError(

    ValueError: Input 0 of layer "sequential_2" is incompatible with the layer: expected shape=(None, 24, 32), found shape=(None, 24, 5)

2025-10-28 10:20:05,067 - ERROR - Error generating trading signal: in user code:

    File "D:\GitHub\BTCUSD-Trading-Ai\.venv\lib\site-packages\keras\src\engine\training.py", line 2440, in predict_function  *
        return step_function(self, iterator)
    File "D:\GitHub\BTCUSD-Trading-Ai\.venv\lib\site-packages\keras\src\engine\training.py", line 2425, in step_function  **
        outputs = model.distribute_strategy.run(run_step, args=(data,))
    File "D:\GitHub\BTCUSD-Trading-Ai\.venv\lib\site-packages\keras\src\engine\training.py", line 2413, in run_step  **
        outputs = model.predict_step(data)
    File "D:\GitHub\BTCUSD-Trading-Ai\.venv\lib\site-packages\keras\src\engine\training.py", line 2381, in predict_step
        return self(x, training=False)
    File "D:\GitHub\BTCUSD-Trading-Ai\.venv\lib\site-packages\keras\src\utils\traceback_utils.py", line 70, in error_handler
        raise e.with_traceback(filtered_tb) from None
    File "D:\GitHub\BTCUSD-Trading-Ai\.venv\lib\site-packages\keras\src\engine\input_spec.py", line 298, in assert_input_compatibility
        raise ValueError(

    ValueError: Input 0 of layer "sequential_2" is incompatible with the layer: expected shape=(None, 24, 32), found shape=(None, 24, 5)

2025-10-28 10:25:05,429 - ERROR - Error generating trading signal: in user code:

    File "D:\GitHub\BTCUSD-Trading-Ai\.venv\lib\site-packages\keras\src\engine\training.py", line 2440, in predict_function  *
        return step_function(self, iterator)
    File "D:\GitHub\BTCUSD-Trading-Ai\.venv\lib\site-packages\keras\src\engine\training.py", line 2425, in step_function  **
        outputs = model.distribute_strategy.run(run_step, args=(data,))
    File "D:\GitHub\BTCUSD-Trading-Ai\.venv\lib\site-packages\keras\src\engine\training.py", line 2413, in run_step  **
        outputs = model.predict_step(data)
    File "D:\GitHub\BTCUSD-Trading-Ai\.venv\lib\site-packages\keras\src\engine\training.py", line 2381, in predict_step
        return self(x, training=False)
    File "D:\GitHub\BTCUSD-Trading-Ai\.venv\lib\site-packages\keras\src\utils\traceback_utils.py", line 70, in error_handler
        raise e.with_traceback(filtered_tb) from None
    File "D:\GitHub\BTCUSD-Trading-Ai\.venv\lib\site-packages\keras\src\engine\input_spec.py", line 298, in assert_input_compatibility
        raise ValueError(

    ValueError: Input 0 of layer "sequential_2" is incompatible with the layer: expected shape=(None, 24, 32), found shape=(None, 24, 5)

2025-10-28 10:30:05,831 - ERROR - Error generating trading signal: in user code:

    File "D:\GitHub\BTCUSD-Trading-Ai\.venv\lib\site-packages\keras\src\engine\training.py", line 2440, in predict_function  *
        return step_function(self, iterator)
    File "D:\GitHub\BTCUSD-Trading-Ai\.venv\lib\site-packages\keras\src\engine\training.py", line 2425, in step_function  **
        outputs = model.distribute_strategy.run(run_step, args=(data,))
    File "D:\GitHub\BTCUSD-Trading-Ai\.venv\lib\site-packages\keras\src\engine\training.py", line 2413, in run_step  **
        outputs = model.predict_step(data)
    File "D:\GitHub\BTCUSD-Trading-Ai\.venv\lib\site-packages\keras\src\engine\training.py", line 2381, in predict_step
        return self(x, training=False)
    File "D:\GitHub\BTCUSD-Trading-Ai\.venv\lib\site-packages\keras\src\utils\traceback_utils.py", line 70, in error_handler
        raise e.with_traceback(filtered_tb) from None
    File "D:\GitHub\BTCUSD-Trading-Ai\.venv\lib\site-packages\keras\src\engine\input_spec.py", line 298, in assert_input_compatibility
        raise ValueError(

    ValueError: Input 0 of layer "sequential_2" is incompatible with the layer: expected shape=(None, 24, 32), found shape=(None, 24, 5)

2025-10-28 10:35:06,758 - ERROR - Error generating trading signal: in user code:

    File "D:\GitHub\BTCUSD-Trading-Ai\.venv\lib\site-packages\keras\src\engine\training.py", line 2440, in predict_function  *
        return step_function(self, iterator)
    File "D:\GitHub\BTCUSD-Trading-Ai\.venv\lib\site-packages\keras\src\engine\training.py", line 2425, in step_function  **
        outputs = model.distribute_strategy.run(run_step, args=(data,))
    File "D:\GitHub\BTCUSD-Trading-Ai\.venv\lib\site-packages\keras\src\engine\training.py", line 2413, in run_step  **
        outputs = model.predict_step(data)
    File "D:\GitHub\BTCUSD-Trading-Ai\.venv\lib\site-packages\keras\src\engine\training.py", line 2381, in predict_step
        return self(x, training=False)
    File "D:\GitHub\BTCUSD-Trading-Ai\.venv\lib\site-packages\keras\src\utils\traceback_utils.py", line 70, in error_handler
        raise e.with_traceback(filtered_tb) from None
    File "D:\GitHub\BTCUSD-Trading-Ai\.venv\lib\site-packages\keras\src\engine\input_spec.py", line 298, in assert_input_compatibility
        raise ValueError(

    ValueError: Input 0 of layer "sequential_2" is incompatible with the layer: expected shape=(None, 24, 32), found shape=(None, 24, 5)

2025-10-28 10:37:27,363 - WARNING - From D:\GitHub\BTCUSD-Trading-Ai\.venv\lib\site-packages\keras\src\backend.py:1398: The name tf.executing_eagerly_outside_functions is deprecated. Please use tf.compat.v1.executing_eagerly_outside_functions instead.

2025-10-28 10:37:27,493 - WARNING - From D:\GitHub\BTCUSD-Trading-Ai\.venv\lib\site-packages\keras\src\backend.py:6642: The name tf.nn.max_pool is deprecated. Please use tf.nn.max_pool2d instead.

2025-10-28 10:37:28,353 - INFO - Loaded model: cnn_lstm from cnn_lstm_direction_BTCUSDT_20251027_163236.h5
2025-10-28 10:37:28,968 - INFO - Loaded model: cnn_lstm from cnn_lstm_direction_BTCUSDT_20251027_164314.h5
2025-10-28 10:37:29,535 - INFO - Loaded model: cnn_lstm from cnn_lstm_direction_BTCUSDT_20251027_165214.h5
2025-10-28 10:37:30,075 - INFO - Loaded model: cnn_lstm from cnn_lstm_direction_BTCUSDT_20251027_165705.h5
2025-10-28 10:37:31,029 - INFO - Loaded model: cnn_lstm from cnn_lstm_direction_BTCUSDT_20251027_165902.h5
2025-10-28 10:37:31,839 - INFO - Loaded model: cnn_lstm from cnn_lstm_direction_BTCUSDT_20251027_170522.h5
2025-10-28 10:37:32,468 - INFO - Loaded model: cnn_lstm from cnn_lstm_direction_BTCUSDT_20251027_170912.h5
2025-10-28 10:37:32,985 - INFO - Loaded model: cnn_lstm from cnn_lstm_direction_BTCUSDT_20251028_091322.h5
2025-10-28 10:37:33,606 - INFO - Loaded model: cnn_lstm from cnn_lstm_direction_BTCUSDT_20251028_092641.h5
2025-10-28 10:37:34,585 - INFO - Loaded model: gru_direction from gru_direction_BTCUSDT_20251027_163157.h5
2025-10-28 10:37:35,793 - INFO - Loaded model: gru_direction from gru_direction_BTCUSDT_20251027_164239.h5
2025-10-28 10:37:36,790 - INFO - Loaded model: gru_direction from gru_direction_BTCUSDT_20251027_165123.h5
2025-10-28 10:37:37,701 - INFO - Loaded model: gru_direction from gru_direction_BTCUSDT_20251027_165631.h5
2025-10-28 10:37:38,555 - INFO - Loaded model: gru_direction from gru_direction_BTCUSDT_20251027_165828.h5
2025-10-28 10:37:39,995 - INFO - Loaded model: gru_direction from gru_direction_BTCUSDT_20251027_170434.h5
2025-10-28 10:37:41,501 - INFO - Loaded model: gru_direction from gru_direction_BTCUSDT_20251027_170819.h5
2025-10-28 10:37:42,732 - INFO - Loaded model: gru_direction from gru_direction_BTCUSDT_20251028_091306.h5
2025-10-28 10:37:44,383 - INFO - Loaded model: gru_direction from gru_direction_BTCUSDT_20251028_092626.h5
2025-10-28 10:37:45,978 - INFO - Loaded model: lstm_direction from lstm_direction_BTCUSDT_20251027_163116.h5
2025-10-28 10:37:47,470 - INFO - Loaded model: lstm_direction from lstm_direction_BTCUSDT_20251027_164147.h5
2025-10-28 10:37:49,189 - INFO - Loaded model: lstm_direction from lstm_direction_BTCUSDT_20251027_165031.h5
2025-10-28 10:37:50,257 - INFO - Loaded model: lstm_direction from lstm_direction_BTCUSDT_20251027_165551.h5
2025-10-28 10:37:51,365 - INFO - Loaded model: lstm_direction from lstm_direction_BTCUSDT_20251027_165748.h5
2025-10-28 10:37:52,442 - INFO - Loaded model: lstm_direction from lstm_direction_BTCUSDT_20251027_170344.h5
2025-10-28 10:37:53,517 - INFO - Loaded model: lstm_direction from lstm_direction_BTCUSDT_20251027_170656.h5
2025-10-28 10:37:54,509 - INFO - Loaded model: lstm_direction from lstm_direction_BTCUSDT_20251028_091245.h5
2025-10-28 10:37:55,985 - INFO - Loaded model: lstm_direction from lstm_direction_BTCUSDT_20251028_092542.h5
2025-10-28 10:37:55,985 - INFO - Successfully loaded 3 models
2025-10-28 10:37:56,958 - ERROR - Error generating trading signal: in user code:

    File "D:\GitHub\BTCUSD-Trading-Ai\.venv\lib\site-packages\keras\src\engine\training.py", line 2440, in predict_function  *
        return step_function(self, iterator)
    File "D:\GitHub\BTCUSD-Trading-Ai\.venv\lib\site-packages\keras\src\engine\training.py", line 2425, in step_function  **
        outputs = model.distribute_strategy.run(run_step, args=(data,))
    File "D:\GitHub\BTCUSD-Trading-Ai\.venv\lib\site-packages\keras\src\engine\training.py", line 2413, in run_step  **
        outputs = model.predict_step(data)
    File "D:\GitHub\BTCUSD-Trading-Ai\.venv\lib\site-packages\keras\src\engine\training.py", line 2381, in predict_step
        return self(x, training=False)
    File "D:\GitHub\BTCUSD-Trading-Ai\.venv\lib\site-packages\keras\src\utils\traceback_utils.py", line 70, in error_handler
        raise e.with_traceback(filtered_tb) from None
    File "D:\GitHub\BTCUSD-Trading-Ai\.venv\lib\site-packages\keras\src\engine\input_spec.py", line 298, in assert_input_compatibility
        raise ValueError(

    ValueError: Input 0 of layer "sequential_2" is incompatible with the layer: expected shape=(None, 24, 32), found shape=(None, 24, 5)

2025-10-28 10:42:57,538 - ERROR - Error generating trading signal: in user code:

    File "D:\GitHub\BTCUSD-Trading-Ai\.venv\lib\site-packages\keras\src\engine\training.py", line 2440, in predict_function  *
        return step_function(self, iterator)
    File "D:\GitHub\BTCUSD-Trading-Ai\.venv\lib\site-packages\keras\src\engine\training.py", line 2425, in step_function  **
        outputs = model.distribute_strategy.run(run_step, args=(data,))
    File "D:\GitHub\BTCUSD-Trading-Ai\.venv\lib\site-packages\keras\src\engine\training.py", line 2413, in run_step  **
        outputs = model.predict_step(data)
    File "D:\GitHub\BTCUSD-Trading-Ai\.venv\lib\site-packages\keras\src\engine\training.py", line 2381, in predict_step
        return self(x, training=False)
    File "D:\GitHub\BTCUSD-Trading-Ai\.venv\lib\site-packages\keras\src\utils\traceback_utils.py", line 70, in error_handler
        raise e.with_traceback(filtered_tb) from None
    File "D:\GitHub\BTCUSD-Trading-Ai\.venv\lib\site-packages\keras\src\engine\input_spec.py", line 298, in assert_input_compatibility
        raise ValueError(

    ValueError: Input 0 of layer "sequential_2" is incompatible with the layer: expected shape=(None, 24, 32), found shape=(None, 24, 5)

2025-10-28 10:47:59,352 - ERROR - Error generating trading signal: in user code:

    File "D:\GitHub\BTCUSD-Trading-Ai\.venv\lib\site-packages\keras\src\engine\training.py", line 2440, in predict_function  *
        return step_function(self, iterator)
    File "D:\GitHub\BTCUSD-Trading-Ai\.venv\lib\site-packages\keras\src\engine\training.py", line 2425, in step_function  **
        outputs = model.distribute_strategy.run(run_step, args=(data,))
    File "D:\GitHub\BTCUSD-Trading-Ai\.venv\lib\site-packages\keras\src\engine\training.py", line 2413, in run_step  **
        outputs = model.predict_step(data)
    File "D:\GitHub\BTCUSD-Trading-Ai\.venv\lib\site-packages\keras\src\engine\training.py", line 2381, in predict_step
        return self(x, training=False)
    File "D:\GitHub\BTCUSD-Trading-Ai\.venv\lib\site-packages\keras\src\utils\traceback_utils.py", line 70, in error_handler
        raise e.with_traceback(filtered_tb) from None
    File "D:\GitHub\BTCUSD-Trading-Ai\.venv\lib\site-packages\keras\src\engine\input_spec.py", line 298, in assert_input_compatibility
        raise ValueError(

    ValueError: Input 0 of layer "sequential_2" is incompatible with the layer: expected shape=(None, 24, 32), found shape=(None, 24, 5)

2025-10-28 11:02:48,096 - INFO - Starting ensemble model training
2025-10-28 11:02:48,097 - INFO - Preparing training data for BTCUSDT
2025-10-28 11:02:48,097 - INFO - Collecting comprehensive dataset for BTCUSDT
2025-10-28 11:02:48,097 - INFO - Collecting 2y of BTC-USD data from Yahoo Finance
2025-10-28 11:02:50,664 - INFO - Saved 17542 data points from Yahoo Finance to data\raw\BTC-USD_2y_1h_yahoo_raw.csv
2025-10-28 11:02:50,664 - INFO - Using Yahoo Finance data: 17542 points
2025-10-28 11:02:50,664 - INFO - Preprocessing data for BTCUSDT
2025-10-28 11:02:59,385 - ERROR - Error adding technical indicators: Unable to allocate 2.29 GiB for an array with shape (17542, 17542) and data type float64
